<!DOCTYPE html>

<html>
  <head>
  <meta charset='utf-8'>
  <title>TestNG reports</title>

    <link type="text/css" href="testng-reports1.css" rel="stylesheet" id="ultra" />
    <link type="text/css" href="testng-reports.css" rel="stylesheet" id="retro" disabled="false"/>
    <script type="text/javascript" src="jquery-3.6.0.min.js"></script>
    <script type="text/javascript" src="testng-reports.js"></script>
    <script type="text/javascript" src="https://www.google.com/jsapi"></script>
    <script type='text/javascript'>
      google.load('visualization', '1', {packages:['table']});
      google.setOnLoadCallback(drawTable);
      var suiteTableInitFunctions = new Array();
      var suiteTableData = new Array();
    </script>
    <!--
      <script type="text/javascript" src="jquery-ui/js/jquery-ui-1.8.16.custom.min.js"></script>
     -->
  </head>

  <body>    <div class="top-banner-root">
      <span class="top-banner-title-font">Test results</span>
      <button id="button" class="button">Switch Retro Theme</button> <!-- button -->
      <br/>
      <span class="top-banner-font-1">1 suite, 3 failed tests</span>
    </div> <!-- top-banner-root -->
    <div class="navigator-root">
      <div class="navigator-suite-header">
        <span>All suites</span>
        <a href="#" title="Collapse/expand all the suites" class="collapse-all-link">
          <img src="collapseall.gif" class="collapse-all-icon">
          </img> <!-- collapse-all-icon -->
        </a> <!-- collapse-all-link -->
      </div> <!-- navigator-suite-header -->
      <div class="suite">
        <div class="rounded-window">
          <div class="suite-header light-rounded-window-top">
            <a href="#" panel-name="suite-ParallelTesting" class="navigator-link">
              <span class="suite-name border-failed">ParallelTesting</span>
            </a> <!-- navigator-link -->
          </div> <!-- suite-header light-rounded-window-top -->
          <div class="navigator-suite-content">
            <div class="suite-section-title">
              <span>Info</span>
            </div> <!-- suite-section-title -->
            <div class="suite-section-content">
              <ul>
                <li>
                  <a href="#" panel-name="test-xml-ParallelTesting" class="navigator-link ">
                    <span>C:\Users\RESHMA\git\7rMartProject-Main\7rMartProject-Main\paralleltestng.xml</span>
                  </a> <!-- navigator-link  -->
                </li>
                <li>
                  <a href="#" panel-name="testlist-ParallelTesting" class="navigator-link ">
                    <span class="test-stats">1 test</span>
                  </a> <!-- navigator-link  -->
                </li>
                <li>
                  <a href="#" panel-name="group-ParallelTesting" class="navigator-link ">
                    <span>1 group</span>
                  </a> <!-- navigator-link  -->
                </li>
                <li>
                  <a href="#" panel-name="times-ParallelTesting" class="navigator-link ">
                    <span>Times</span>
                  </a> <!-- navigator-link  -->
                </li>
                <li>
                  <a href="#" panel-name="reporter-ParallelTesting" class="navigator-link ">
                    <span>Reporter output</span>
                  </a> <!-- navigator-link  -->
                </li>
                <li>
                  <a href="#" panel-name="ignored-methods-ParallelTesting" class="navigator-link ">
                    <span>Ignored methods</span>
                  </a> <!-- navigator-link  -->
                </li>
                <li>
                  <a href="#" panel-name="chronological-ParallelTesting" class="navigator-link ">
                    <span>Chronological view</span>
                  </a> <!-- navigator-link  -->
                </li>
              </ul>
            </div> <!-- suite-section-content -->
            <div class="result-section">
              <div class="suite-section-title">
                <span>Results</span>
              </div> <!-- suite-section-title -->
              <div class="suite-section-content">
                <ul>
                  <li>
                    <span class="method-stats">17 methods, 3 failed,  1 skipped,  13 passed</span>
                  </li>
                  <li>
                    <span class="method-list-title failed">Failed methods</span>
                    <span class="show-or-hide-methods failed">
                      <a href="#" panel-name="suite-ParallelTesting" class="hide-methods failed suite-ParallelTesting"> (hide)</a> <!-- hide-methods failed suite-ParallelTesting -->
                      <a href="#" panel-name="suite-ParallelTesting" class="show-methods failed suite-ParallelTesting"> (show)</a> <!-- show-methods failed suite-ParallelTesting -->
                    </span>
                    <div class="method-list-content failed suite-ParallelTesting">
                      <span>
                        <img src="failed.png" width="3%"/>
                        <a href="#" panel-name="suite-ParallelTesting" title="testScript.AdminUserTest" class="method navigator-link" hash-for-method="verifyUserIsAbleToRefreshNewlyAddedUserPageUsingTheResetButton">verifyUserIsAbleToRefreshNewlyAddedUserPageUsingTheResetButton</a> <!-- method navigator-link -->
                      </span>
                      <br/>
                      <span>
                        <img src="failed.png" width="3%"/>
                        <a href="#" panel-name="suite-ParallelTesting" title="testScript.LoginTest" class="method navigator-link" hash-for-method="verifyUserLoginWithInvalidUsernameAndInvalidPassword(Test, Test)">verifyUserLoginWithInvalidUsernameAndInvalidPassword(Test, Test)</a> <!-- method navigator-link -->
                      </span>
                      <br/>
                      <span>
                        <img src="failed.png" width="3%"/>
                        <a href="#" panel-name="suite-ParallelTesting" title="testScript.LoginTest" class="method navigator-link" hash-for-method="verifyUserLoginWithInvalidUsernameAndValidPassword">verifyUserLoginWithInvalidUsernameAndValidPassword</a> <!-- method navigator-link -->
                      </span>
                      <br/>
                    </div> <!-- method-list-content failed suite-ParallelTesting -->
                  </li>
                  <li>
                    <span class="method-list-title skipped">Retried methods</span>
                    <span class="show-or-hide-methods skipped">
                      <a href="#" panel-name="suite-ParallelTesting" class="hide-methods skipped suite-ParallelTesting"> (hide)</a> <!-- hide-methods skipped suite-ParallelTesting -->
                      <a href="#" panel-name="suite-ParallelTesting" class="show-methods skipped suite-ParallelTesting"> (show)</a> <!-- show-methods skipped suite-ParallelTesting -->
                    </span>
                    <div class="method-list-content skipped suite-ParallelTesting">
                      <span>
                        <img src="skipped.png" width="3%"/>
                        <a href="#" panel-name="suite-ParallelTesting" title="testScript.HomeTest" class="method navigator-link" hash-for-method="verifySuccessfullUserLogoutFromHomePageAfterLogin">verifySuccessfullUserLogoutFromHomePageAfterLogin</a> <!-- method navigator-link -->
                      </span>
                      <br/>
                    </div> <!-- method-list-content skipped suite-ParallelTesting -->
                  </li>
                  <li>
                    <span class="method-list-title passed">Passed methods</span>
                    <span class="show-or-hide-methods passed">
                      <a href="#" panel-name="suite-ParallelTesting" class="hide-methods passed suite-ParallelTesting"> (hide)</a> <!-- hide-methods passed suite-ParallelTesting -->
                      <a href="#" panel-name="suite-ParallelTesting" class="show-methods passed suite-ParallelTesting"> (show)</a> <!-- show-methods passed suite-ParallelTesting -->
                    </span>
                    <div class="method-list-content passed suite-ParallelTesting">
                      <span>
                        <img src="passed.png" width="3%"/>
                        <a href="#" panel-name="suite-ParallelTesting" title="testScript.HomeTest" class="method navigator-link" hash-for-method="verifySuccessfullUserLogoutFromHomePageAfterLogin">verifySuccessfullUserLogoutFromHomePageAfterLogin</a> <!-- method navigator-link -->
                      </span>
                      <br/>
                      <span>
                        <img src="passed.png" width="3%"/>
                        <a href="#" panel-name="suite-ParallelTesting" title="testScript.AdminUserTest" class="method navigator-link" hash-for-method="verifyUserIsAbleToSearchNewlyAddedUsersInTheNewlyAddedUsersList">verifyUserIsAbleToSearchNewlyAddedUsersInTheNewlyAddedUsersList</a> <!-- method navigator-link -->
                      </span>
                      <br/>
                      <span>
                        <img src="passed.png" width="3%"/>
                        <a href="#" panel-name="suite-ParallelTesting" title="testScript.LoginTest" class="method navigator-link" hash-for-method="verifyUserLoginWithInvalidUsernameAndInvalidPassword(admin, Test)">verifyUserLoginWithInvalidUsernameAndInvalidPassword(admin, Test)</a> <!-- method navigator-link -->
                      </span>
                      <br/>
                      <span>
                        <img src="passed.png" width="3%"/>
                        <a href="#" panel-name="suite-ParallelTesting" title="testScript.LoginTest" class="method navigator-link" hash-for-method="verifyUserLoginWithInvalidUsernameAndInvalidPassword(Test, admin)">verifyUserLoginWithInvalidUsernameAndInvalidPassword(Test, admin)</a> <!-- method navigator-link -->
                      </span>
                      <br/>
                      <span>
                        <img src="passed.png" width="3%"/>
                        <a href="#" panel-name="suite-ParallelTesting" title="testScript.LoginTest" class="method navigator-link" hash-for-method="verifyUserLoginWithValidUsernameAndInvalidPassword">verifyUserLoginWithValidUsernameAndInvalidPassword</a> <!-- method navigator-link -->
                      </span>
                      <br/>
                      <span>
                        <img src="passed.png" width="3%"/>
                        <a href="#" panel-name="suite-ParallelTesting" title="testScript.LoginTest" class="method navigator-link" hash-for-method="verifyUserLoginWithValidUsernameAndValidPassword">verifyUserLoginWithValidUsernameAndValidPassword</a> <!-- method navigator-link -->
                      </span>
                      <br/>
                      <span>
                        <img src="passed.png" width="3%"/>
                        <a href="#" panel-name="suite-ParallelTesting" title="testScript.ManageNewsTest" class="method navigator-link" hash-for-method="verifyWhetherUserIsAbleToAddNewNewsInManageNews">verifyWhetherUserIsAbleToAddNewNewsInManageNews</a> <!-- method navigator-link -->
                      </span>
                      <br/>
                      <span>
                        <img src="passed.png" width="3%"/>
                        <a href="#" panel-name="suite-ParallelTesting" title="testScript.AdminUserTest" class="method navigator-link" hash-for-method="verifyWhetherUserIsAbleToAddNewUserToTheUsersList">verifyWhetherUserIsAbleToAddNewUserToTheUsersList</a> <!-- method navigator-link -->
                      </span>
                      <br/>
                      <span>
                        <img src="passed.png" width="3%"/>
                        <a href="#" panel-name="suite-ParallelTesting" title="testScript.ManageNewsTest" class="method navigator-link" hash-for-method="verifyWhetherUserIsAbleToRefreshNewsPageUsingTheResetButton">verifyWhetherUserIsAbleToRefreshNewsPageUsingTheResetButton</a> <!-- method navigator-link -->
                      </span>
                      <br/>
                      <span>
                        <img src="passed.png" width="3%"/>
                        <a href="#" panel-name="suite-ParallelTesting" title="testScript.SubCategoryTest" class="method navigator-link" hash-for-method="verifyWhetherUserIsAbleToaddNewItemToSubCategoryList">verifyWhetherUserIsAbleToaddNewItemToSubCategoryList</a> <!-- method navigator-link -->
                      </span>
                      <br/>
                      <span>
                        <img src="passed.png" width="3%"/>
                        <a href="#" panel-name="suite-ParallelTesting" title="testScript.SubCategoryTest" class="method navigator-link" hash-for-method="verifyWhetherUserIsAbleTorefreshPageUsingResetButton">verifyWhetherUserIsAbleTorefreshPageUsingResetButton</a> <!-- method navigator-link -->
                      </span>
                      <br/>
                      <span>
                        <img src="passed.png" width="3%"/>
                        <a href="#" panel-name="suite-ParallelTesting" title="testScript.SubCategoryTest" class="method navigator-link" hash-for-method="verifyWhetherUserIsAbleTosearchItemsInTheSubCategoryList">verifyWhetherUserIsAbleTosearchItemsInTheSubCategoryList</a> <!-- method navigator-link -->
                      </span>
                      <br/>
                      <span>
                        <img src="passed.png" width="3%"/>
                        <a href="#" panel-name="suite-ParallelTesting" title="testScript.ManageNewsTest" class="method navigator-link" hash-for-method="verifyWhetherUserIsAbleTosearchNewsInManageNews">verifyWhetherUserIsAbleTosearchNewsInManageNews</a> <!-- method navigator-link -->
                      </span>
                      <br/>
                    </div> <!-- method-list-content passed suite-ParallelTesting -->
                  </li>
                </ul>
              </div> <!-- suite-section-content -->
            </div> <!-- result-section -->
          </div> <!-- navigator-suite-content -->
        </div> <!-- rounded-window -->
      </div> <!-- suite -->
    </div> <!-- navigator-root -->
    <div class="wrapper">
      <div class="main-panel-root">
        <div panel-name="suite-ParallelTesting" class="panel ParallelTesting">
          <div class="suite-ParallelTesting-class-failed">
            <div class="main-panel-header rounded-window-top">
              <img src="failed.png"/>
              <span class="class-name">testScript.LoginTest</span>
            </div> <!-- main-panel-header rounded-window-top -->
            <div class="main-panel-content rounded-window-bottom">
              <div class="method">
                <div class="method-content">
                  <a name="verifyUserLoginWithInvalidUsernameAndInvalidPassword(Test, Test)">
                  </a> <!-- verifyUserLoginWithInvalidUsernameAndInvalidPassword(Test, Test) -->
                  <span class="method-name">verifyUserLoginWithInvalidUsernameAndInvalidPassword</span>
                  <span class="parameters">(Test,Test)</span>
                  <div class="stack-trace">org.openqa.selenium.StaleElementReferenceException: stale element reference: stale element not found
  (Session info: chrome=134.0.6998.89)
For documentation on this error, please visit: https://www.selenium.dev/documentation/webdriver/troubleshooting/errors#stale-element-reference-exception
Build info: version: &apos;4.28.1&apos;, revision: &apos;73f5ad48a2&apos;
System info: os.name: &apos;Windows 11&apos;, os.arch: &apos;amd64&apos;, os.version: &apos;10.0&apos;, java.version: &apos;21.0.4&apos;
Driver info: org.openqa.selenium.chrome.ChromeDriver
Command: [8e97d70e2982d1617de49be105794a30, isElementDisplayed {id=f.38F8400DC7691624E8E981D2A9B1B028.d.17C6C94D27028FAB9E220D314919356C.e.22}]
Capabilities {acceptInsecureCerts: false, browserName: chrome, browserVersion: 134.0.6998.89, chrome: {chromedriverVersion: 134.0.6998.90 (219ee74681fc..., userDataDir: C:\Users\RESHMA\AppData\Loc...}, fedcm:accounts: true, goog:chromeOptions: {debuggerAddress: localhost:51480}, networkConnectionEnabled: false, pageLoadStrategy: normal, platformName: windows, proxy: Proxy(), se:cdp: ws://localhost:51480/devtoo..., se:cdpVersion: 134.0.6998.89, setWindowRect: true, strictFileInteractability: false, timeouts: {implicit: 0, pageLoad: 300000, script: 30000}, unhandledPromptBehavior: dismiss and notify, webauthn:extension:credBlob: true, webauthn:extension:largeBlob: true, webauthn:extension:minPinLength: true, webauthn:extension:prf: true, webauthn:virtualAuthenticators: true}
Element: [[ChromeDriver: chrome on windows (8e97d70e2982d1617de49be105794a30)] -&gt; xpath: //b[text()=&apos;7rmart supermarket&apos;]]
Session ID: 8e97d70e2982d1617de49be105794a30
	at org.openqa.selenium.remote.ErrorCodec.decode(ErrorCodec.java:167)
	at org.openqa.selenium.remote.codec.w3c.W3CHttpResponseCodec.decode(W3CHttpResponseCodec.java:138)
	at org.openqa.selenium.remote.codec.w3c.W3CHttpResponseCodec.decode(W3CHttpResponseCodec.java:50)
	at org.openqa.selenium.remote.HttpCommandExecutor.execute(HttpCommandExecutor.java:215)
	at org.openqa.selenium.remote.service.DriverCommandExecutor.invokeExecute(DriverCommandExecutor.java:216)
	at org.openqa.selenium.remote.service.DriverCommandExecutor.execute(DriverCommandExecutor.java:174)
	at org.openqa.selenium.remote.RemoteWebDriver.execute(RemoteWebDriver.java:545)
	at org.openqa.selenium.remote.RemoteWebElement.execute(RemoteWebElement.java:223)
	at org.openqa.selenium.remote.RemoteWebElement.isDisplayed(RemoteWebElement.java:282)
	at org.openqa.selenium.support.pagefactory.internal.LocatingElementHandler.invoke(LocatingElementHandler.java:51)
	at jdk.proxy2/jdk.proxy2.$Proxy14.isDisplayed(Unknown Source)
	at pages.LoginPage.isTitleDisplayed(LoginPage.java:60)
	at testScript.LoginTest.verifyUserLoginWithInvalidUsernameAndInvalidPassword(LoginTest.java:70)
	at java.base/java.util.concurrent.Executors$RunnableAdapter.call(Executors.java:572)
	at java.base/java.util.concurrent.FutureTask.run(FutureTask.java:317)
	at java.base/java.util.concurrent.ThreadPoolExecutor.runWorker(ThreadPoolExecutor.java:1144)
	at java.base/java.util.concurrent.ThreadPoolExecutor$Worker.run(ThreadPoolExecutor.java:642)
	at java.base/java.lang.Thread.run(Thread.java:1583)
... Removed 16 stack frames
</div> <!-- stack-trace -->
                  <em>
(Verification of user login with invalid username and invalid password)                  </em>
                </div> <!-- method-content -->
              </div> <!-- method -->
              <div class="method">
                <div class="method-content">
                  <a name="verifyUserLoginWithInvalidUsernameAndValidPassword">
                  </a> <!-- verifyUserLoginWithInvalidUsernameAndValidPassword -->
                  <span class="method-name">verifyUserLoginWithInvalidUsernameAndValidPassword</span>
                  <div class="stack-trace">org.openqa.selenium.StaleElementReferenceException: stale element reference: stale element not found
  (Session info: chrome=134.0.6998.89)
For documentation on this error, please visit: https://www.selenium.dev/documentation/webdriver/troubleshooting/errors#stale-element-reference-exception
Build info: version: &apos;4.28.1&apos;, revision: &apos;73f5ad48a2&apos;
System info: os.name: &apos;Windows 11&apos;, os.arch: &apos;amd64&apos;, os.version: &apos;10.0&apos;, java.version: &apos;21.0.4&apos;
Driver info: org.openqa.selenium.chrome.ChromeDriver
Command: [004e696f00a84bce534660e1052cf625, isElementDisplayed {id=f.430380A7BAC92DC8F992620D38070618.d.795DE458D75A1924AAE6B807C0831FE3.e.22}]
Capabilities {acceptInsecureCerts: false, browserName: chrome, browserVersion: 134.0.6998.89, chrome: {chromedriverVersion: 134.0.6998.90 (219ee74681fc..., userDataDir: C:\Users\RESHMA\AppData\Loc...}, fedcm:accounts: true, goog:chromeOptions: {debuggerAddress: localhost:51419}, networkConnectionEnabled: false, pageLoadStrategy: normal, platformName: windows, proxy: Proxy(), se:cdp: ws://localhost:51419/devtoo..., se:cdpVersion: 134.0.6998.89, setWindowRect: true, strictFileInteractability: false, timeouts: {implicit: 0, pageLoad: 300000, script: 30000}, unhandledPromptBehavior: dismiss and notify, webauthn:extension:credBlob: true, webauthn:extension:largeBlob: true, webauthn:extension:minPinLength: true, webauthn:extension:prf: true, webauthn:virtualAuthenticators: true}
Element: [[ChromeDriver: chrome on windows (004e696f00a84bce534660e1052cf625)] -&gt; xpath: //b[text()=&apos;7rmart supermarket&apos;]]
Session ID: 004e696f00a84bce534660e1052cf625
	at org.openqa.selenium.remote.ErrorCodec.decode(ErrorCodec.java:167)
	at org.openqa.selenium.remote.codec.w3c.W3CHttpResponseCodec.decode(W3CHttpResponseCodec.java:138)
	at org.openqa.selenium.remote.codec.w3c.W3CHttpResponseCodec.decode(W3CHttpResponseCodec.java:50)
	at org.openqa.selenium.remote.HttpCommandExecutor.execute(HttpCommandExecutor.java:215)
	at org.openqa.selenium.remote.service.DriverCommandExecutor.invokeExecute(DriverCommandExecutor.java:216)
	at org.openqa.selenium.remote.service.DriverCommandExecutor.execute(DriverCommandExecutor.java:174)
	at org.openqa.selenium.remote.RemoteWebDriver.execute(RemoteWebDriver.java:545)
	at org.openqa.selenium.remote.RemoteWebElement.execute(RemoteWebElement.java:223)
	at org.openqa.selenium.remote.RemoteWebElement.isDisplayed(RemoteWebElement.java:282)
	at org.openqa.selenium.support.pagefactory.internal.LocatingElementHandler.invoke(LocatingElementHandler.java:51)
	at jdk.proxy2/jdk.proxy2.$Proxy14.isDisplayed(Unknown Source)
	at pages.LoginPage.isTitleDisplayed(LoginPage.java:60)
	at testScript.LoginTest.verifyUserLoginWithInvalidUsernameAndValidPassword(LoginTest.java:56)
	at java.base/java.util.concurrent.Executors$RunnableAdapter.call(Executors.java:572)
	at java.base/java.util.concurrent.FutureTask.run(FutureTask.java:317)
	at java.base/java.util.concurrent.ThreadPoolExecutor.runWorker(ThreadPoolExecutor.java:1144)
	at java.base/java.util.concurrent.ThreadPoolExecutor$Worker.run(ThreadPoolExecutor.java:642)
	at java.base/java.lang.Thread.run(Thread.java:1583)
... Removed 16 stack frames
</div> <!-- stack-trace -->
                  <em>
(Verification of user login with invalid username and valid password)                  </em>
                </div> <!-- method-content -->
              </div> <!-- method -->
            </div> <!-- main-panel-content rounded-window-bottom -->
          </div> <!-- suite-ParallelTesting-class-failed -->
          <div class="suite-ParallelTesting-class-failed">
            <div class="main-panel-header rounded-window-top">
              <img src="failed.png"/>
              <span class="class-name">testScript.AdminUserTest</span>
            </div> <!-- main-panel-header rounded-window-top -->
            <div class="main-panel-content rounded-window-bottom">
              <div class="method">
                <div class="method-content">
                  <a name="verifyUserIsAbleToRefreshNewlyAddedUserPageUsingTheResetButton">
                  </a> <!-- verifyUserIsAbleToRefreshNewlyAddedUserPageUsingTheResetButton -->
                  <span class="method-name">verifyUserIsAbleToRefreshNewlyAddedUserPageUsingTheResetButton</span>
                  <div class="stack-trace">java.io.IOException: Stream Closed
	at java.base/java.io.FileInputStream.available0(Native Method)
	at java.base/java.io.FileInputStream.available(FileInputStream.java:473)
	at java.base/java.io.BufferedInputStream.implRead(BufferedInputStream.java:428)
	at java.base/java.io.BufferedInputStream.read(BufferedInputStream.java:399)
	at java.base/java.io.FilterInputStream.read(FilterInputStream.java:119)
	at java.base/java.io.PushbackInputStream.read(PushbackInputStream.java:197)
	at java.base/java.io.FilterInputStream.read(FilterInputStream.java:95)
	at org.apache.commons.compress.archivers.zip.ZipArchiveInputStream.fill(ZipArchiveInputStream.java:861)
	at org.apache.commons.compress.archivers.zip.ZipArchiveInputStream.readFromInflater(ZipArchiveInputStream.java:650)
	at org.apache.commons.compress.archivers.zip.ZipArchiveInputStream.readDeflated(ZipArchiveInputStream.java:625)
	at org.apache.commons.compress.archivers.zip.ZipArchiveInputStream.read(ZipArchiveInputStream.java:528)
	at java.base/java.io.FilterInputStream.read(FilterInputStream.java:119)
	at org.apache.poi.openxml4j.util.ZipArchiveThresholdInputStream.read(ZipArchiveThresholdInputStream.java:80)
	at org.apache.poi.util.IOUtils.toByteArray(IOUtils.java:240)
	at org.apache.poi.util.IOUtils.toByteArray(IOUtils.java:203)
	at org.apache.poi.openxml4j.util.ZipArchiveFakeEntry.&lt;init&gt;(ZipArchiveFakeEntry.java:82)
	at org.apache.poi.openxml4j.util.ZipInputStreamZipEntrySource.&lt;init&gt;(ZipInputStreamZipEntrySource.java:98)
	at org.apache.poi.openxml4j.opc.ZipPackage.&lt;init&gt;(ZipPackage.java:132)
	at org.apache.poi.openxml4j.opc.OPCPackage.open(OPCPackage.java:319)
	at org.apache.poi.ooxml.util.PackageHelper.open(PackageHelper.java:59)
	at org.apache.poi.xssf.usermodel.XSSFWorkbook.&lt;init&gt;(XSSFWorkbook.java:290)
	at org.apache.poi.xssf.usermodel.XSSFWorkbook.&lt;init&gt;(XSSFWorkbook.java:286)
	at utilities.ExcelUtility.readStringData(ExcelUtility.java:20)
	at testScript.AdminUserTest.verifyUserIsAbleToRefreshNewlyAddedUserPageUsingTheResetButton(AdminUserTest.java:55)
	at java.base/java.util.concurrent.Executors$RunnableAdapter.call(Executors.java:572)
	at java.base/java.util.concurrent.FutureTask.run(FutureTask.java:317)
	at java.base/java.util.concurrent.ThreadPoolExecutor.runWorker(ThreadPoolExecutor.java:1144)
	at java.base/java.util.concurrent.ThreadPoolExecutor$Worker.run(ThreadPoolExecutor.java:642)
	at java.base/java.lang.Thread.run(Thread.java:1583)
... Removed 11 stack frames
</div> <!-- stack-trace -->
                </div> <!-- method-content -->
              </div> <!-- method -->
            </div> <!-- main-panel-content rounded-window-bottom -->
          </div> <!-- suite-ParallelTesting-class-failed -->
          <div class="suite-ParallelTesting-class-skipped">
            <div class="main-panel-header rounded-window-top">
              <img src="skipped.png"/>
              <span class="class-name">testScript.HomeTest</span>
            </div> <!-- main-panel-header rounded-window-top -->
            <div class="main-panel-content rounded-window-bottom">
              <div class="method">
                <div class="method-content">
                  <a name="verifySuccessfullUserLogoutFromHomePageAfterLogin">
                  </a> <!-- verifySuccessfullUserLogoutFromHomePageAfterLogin -->
                  <span class="method-name">verifySuccessfullUserLogoutFromHomePageAfterLogin</span>
                  <div class="stack-trace">org.apache.poi.openxml4j.exceptions.NotOfficeXmlFileException: No valid entries or contents found, this is not a valid OOXML (Office Open XML) file
	at org.apache.poi.openxml4j.util.ZipArchiveThresholdInputStream.getNextEntry(ZipArchiveThresholdInputStream.java:156)
	at org.apache.poi.openxml4j.util.ZipInputStreamZipEntrySource.&lt;init&gt;(ZipInputStreamZipEntrySource.java:94)
	at org.apache.poi.openxml4j.opc.ZipPackage.&lt;init&gt;(ZipPackage.java:132)
	at org.apache.poi.openxml4j.opc.OPCPackage.open(OPCPackage.java:319)
	at org.apache.poi.ooxml.util.PackageHelper.open(PackageHelper.java:59)
	at org.apache.poi.xssf.usermodel.XSSFWorkbook.&lt;init&gt;(XSSFWorkbook.java:290)
	at org.apache.poi.xssf.usermodel.XSSFWorkbook.&lt;init&gt;(XSSFWorkbook.java:286)
	at utilities.ExcelUtility.readStringData(ExcelUtility.java:20)
	at testScript.HomeTest.verifySuccessfullUserLogoutFromHomePageAfterLogin(HomeTest.java:25)
	at java.base/java.util.concurrent.Executors$RunnableAdapter.call(Executors.java:572)
	at java.base/java.util.concurrent.FutureTask.run(FutureTask.java:317)
	at java.base/java.util.concurrent.ThreadPoolExecutor.runWorker(ThreadPoolExecutor.java:1144)
	at java.base/java.util.concurrent.ThreadPoolExecutor$Worker.run(ThreadPoolExecutor.java:642)
	at java.base/java.lang.Thread.run(Thread.java:1583)
Caused by: java.util.zip.ZipException: Unexpected record signature: 0X1918A6F7
	at org.apache.commons.compress.archivers.zip.ZipArchiveInputStream.getNextZipEntry(ZipArchiveInputStream.java:296)
	at org.apache.poi.openxml4j.util.ZipArchiveThresholdInputStream.getNextEntry(ZipArchiveThresholdInputStream.java:152)
	... 24 more
... Removed 11 stack frames
</div> <!-- stack-trace -->
                  <em>
(Verification of whether the user is able to use the Logout functionality after LogIn)                  </em>
                </div> <!-- method-content -->
              </div> <!-- method -->
            </div> <!-- main-panel-content rounded-window-bottom -->
          </div> <!-- suite-ParallelTesting-class-skipped -->
          <div class="suite-ParallelTesting-class-passed">
            <div class="main-panel-header rounded-window-top">
              <img src="passed.png"/>
              <span class="class-name">testScript.SubCategoryTest</span>
            </div> <!-- main-panel-header rounded-window-top -->
            <div class="main-panel-content rounded-window-bottom">
              <div class="method">
                <div class="method-content">
                  <a name="verifyWhetherUserIsAbleToaddNewItemToSubCategoryList">
                  </a> <!-- verifyWhetherUserIsAbleToaddNewItemToSubCategoryList -->
                  <span class="method-name">verifyWhetherUserIsAbleToaddNewItemToSubCategoryList</span>
                  <em>
(Verify whether the user can add new item in the Sub category list using New Button)                  </em>
                </div> <!-- method-content -->
              </div> <!-- method -->
              <div class="method">
                <div class="method-content">
                  <a name="verifyWhetherUserIsAbleTorefreshPageUsingResetButton">
                  </a> <!-- verifyWhetherUserIsAbleTorefreshPageUsingResetButton -->
                  <span class="method-name">verifyWhetherUserIsAbleTorefreshPageUsingResetButton</span>
                  <em>
(Verify whether the user can refresh the Sub Category list using Reset Button)                  </em>
                </div> <!-- method-content -->
              </div> <!-- method -->
              <div class="method">
                <div class="method-content">
                  <a name="verifyWhetherUserIsAbleTosearchItemsInTheSubCategoryList">
                  </a> <!-- verifyWhetherUserIsAbleTosearchItemsInTheSubCategoryList -->
                  <span class="method-name">verifyWhetherUserIsAbleTosearchItemsInTheSubCategoryList</span>
                  <em>
(Verify whether the user can search a item in the Sub Category list using Search Button)                  </em>
                </div> <!-- method-content -->
              </div> <!-- method -->
            </div> <!-- main-panel-content rounded-window-bottom -->
          </div> <!-- suite-ParallelTesting-class-passed -->
          <div class="suite-ParallelTesting-class-passed">
            <div class="main-panel-header rounded-window-top">
              <img src="passed.png"/>
              <span class="class-name">testScript.LoginTest</span>
            </div> <!-- main-panel-header rounded-window-top -->
            <div class="main-panel-content rounded-window-bottom">
              <div class="method">
                <div class="method-content">
                  <a name="verifyUserLoginWithInvalidUsernameAndInvalidPassword(admin, Test)">
                  </a> <!-- verifyUserLoginWithInvalidUsernameAndInvalidPassword(admin, Test) -->
                  <span class="method-name">verifyUserLoginWithInvalidUsernameAndInvalidPassword</span>
                  <span class="parameters">(admin,Test)</span>
                  <em>
(Verification of user login with invalid username and invalid password)                  </em>
                </div> <!-- method-content -->
              </div> <!-- method -->
              <div class="method">
                <div class="method-content">
                  <a name="verifyUserLoginWithInvalidUsernameAndInvalidPassword(Test, admin)">
                  </a> <!-- verifyUserLoginWithInvalidUsernameAndInvalidPassword(Test, admin) -->
                  <span class="method-name">verifyUserLoginWithInvalidUsernameAndInvalidPassword</span>
                  <span class="parameters">(Test,admin)</span>
                  <em>
(Verification of user login with invalid username and invalid password)                  </em>
                </div> <!-- method-content -->
              </div> <!-- method -->
              <div class="method">
                <div class="method-content">
                  <a name="verifyUserLoginWithValidUsernameAndInvalidPassword">
                  </a> <!-- verifyUserLoginWithValidUsernameAndInvalidPassword -->
                  <span class="method-name">verifyUserLoginWithValidUsernameAndInvalidPassword</span>
                  <em>
(Verification of user login with valid username and invalid password)                  </em>
                </div> <!-- method-content -->
              </div> <!-- method -->
              <div class="method">
                <div class="method-content">
                  <a name="verifyUserLoginWithValidUsernameAndValidPassword">
                  </a> <!-- verifyUserLoginWithValidUsernameAndValidPassword -->
                  <span class="method-name">verifyUserLoginWithValidUsernameAndValidPassword</span>
                  <em>
(Verification of user login with valid Credentials)                  </em>
                </div> <!-- method-content -->
              </div> <!-- method -->
            </div> <!-- main-panel-content rounded-window-bottom -->
          </div> <!-- suite-ParallelTesting-class-passed -->
          <div class="suite-ParallelTesting-class-passed">
            <div class="main-panel-header rounded-window-top">
              <img src="passed.png"/>
              <span class="class-name">testScript.ManageNewsTest</span>
            </div> <!-- main-panel-header rounded-window-top -->
            <div class="main-panel-content rounded-window-bottom">
              <div class="method">
                <div class="method-content">
                  <a name="verifyWhetherUserIsAbleToAddNewNewsInManageNews">
                  </a> <!-- verifyWhetherUserIsAbleToAddNewNewsInManageNews -->
                  <span class="method-name">verifyWhetherUserIsAbleToAddNewNewsInManageNews</span>
                  <em>
(Verify whether the user can add new news in the News list using New Button)                  </em>
                </div> <!-- method-content -->
              </div> <!-- method -->
              <div class="method">
                <div class="method-content">
                  <a name="verifyWhetherUserIsAbleToRefreshNewsPageUsingTheResetButton">
                  </a> <!-- verifyWhetherUserIsAbleToRefreshNewsPageUsingTheResetButton -->
                  <span class="method-name">verifyWhetherUserIsAbleToRefreshNewsPageUsingTheResetButton</span>
                  <em>
(Verify whether the user can refresh the News list using Reset Button)                  </em>
                </div> <!-- method-content -->
              </div> <!-- method -->
              <div class="method">
                <div class="method-content">
                  <a name="verifyWhetherUserIsAbleTosearchNewsInManageNews">
                  </a> <!-- verifyWhetherUserIsAbleTosearchNewsInManageNews -->
                  <span class="method-name">verifyWhetherUserIsAbleTosearchNewsInManageNews</span>
                  <em>
(Verify whether the user can search a news in the News list using Search Button)                  </em>
                </div> <!-- method-content -->
              </div> <!-- method -->
            </div> <!-- main-panel-content rounded-window-bottom -->
          </div> <!-- suite-ParallelTesting-class-passed -->
          <div class="suite-ParallelTesting-class-passed">
            <div class="main-panel-header rounded-window-top">
              <img src="passed.png"/>
              <span class="class-name">testScript.AdminUserTest</span>
            </div> <!-- main-panel-header rounded-window-top -->
            <div class="main-panel-content rounded-window-bottom">
              <div class="method">
                <div class="method-content">
                  <a name="verifyUserIsAbleToSearchNewlyAddedUsersInTheNewlyAddedUsersList">
                  </a> <!-- verifyUserIsAbleToSearchNewlyAddedUsersInTheNewlyAddedUsersList -->
                  <span class="method-name">verifyUserIsAbleToSearchNewlyAddedUsersInTheNewlyAddedUsersList</span>
                </div> <!-- method-content -->
              </div> <!-- method -->
              <div class="method">
                <div class="method-content">
                  <a name="verifyWhetherUserIsAbleToAddNewUserToTheUsersList">
                  </a> <!-- verifyWhetherUserIsAbleToAddNewUserToTheUsersList -->
                  <span class="method-name">verifyWhetherUserIsAbleToAddNewUserToTheUsersList</span>
                </div> <!-- method-content -->
              </div> <!-- method -->
            </div> <!-- main-panel-content rounded-window-bottom -->
          </div> <!-- suite-ParallelTesting-class-passed -->
          <div class="suite-ParallelTesting-class-passed">
            <div class="main-panel-header rounded-window-top">
              <img src="passed.png"/>
              <span class="class-name">testScript.HomeTest</span>
            </div> <!-- main-panel-header rounded-window-top -->
            <div class="main-panel-content rounded-window-bottom">
              <div class="method">
                <div class="method-content">
                  <a name="verifySuccessfullUserLogoutFromHomePageAfterLogin">
                  </a> <!-- verifySuccessfullUserLogoutFromHomePageAfterLogin -->
                  <span class="method-name">verifySuccessfullUserLogoutFromHomePageAfterLogin</span>
                  <em>
(Verification of whether the user is able to use the Logout functionality after LogIn)                  </em>
                </div> <!-- method-content -->
              </div> <!-- method -->
            </div> <!-- main-panel-content rounded-window-bottom -->
          </div> <!-- suite-ParallelTesting-class-passed -->
        </div> <!-- panel ParallelTesting -->
        <div panel-name="test-xml-ParallelTesting" class="panel">
          <div class="main-panel-header rounded-window-top">
            <span class="header-content">C:\Users\RESHMA\git\7rMartProject-Main\7rMartProject-Main\paralleltestng.xml</span>
          </div> <!-- main-panel-header rounded-window-top -->
          <div class="main-panel-content rounded-window-bottom">
            <pre>
&lt;?xml version=&quot;1.0&quot; encoding=&quot;UTF-8&quot;?&gt;
&lt;!DOCTYPE suite SYSTEM &quot;https://testng.org/testng-1.0.dtd&quot;&gt;
&lt;suite thread-count=&quot;2&quot; parallel=&quot;classes&quot; name=&quot;ParallelTesting&quot; guice-stage=&quot;DEVELOPMENT&quot;&gt;
  &lt;test thread-count=&quot;2&quot; parallel=&quot;classes&quot; name=&quot;Test&quot;&gt;
    &lt;parameter name=&quot;browser&quot; value=&quot;Chrome&quot;/&gt;
    &lt;classes&gt;
      &lt;class name=&quot;testScript.LoginTest&quot;/&gt;
      &lt;class name=&quot;testScript.HomeTest&quot;/&gt;
      &lt;class name=&quot;testScript.ManageNewsTest&quot;/&gt;
      &lt;class name=&quot;testScript.SubCategoryTest&quot;/&gt;
      &lt;class name=&quot;testScript.AdminUserTest&quot;/&gt;
    &lt;/classes&gt;
  &lt;/test&gt; &lt;!-- Test --&gt;
&lt;/suite&gt; &lt;!-- ParallelTesting --&gt;
            </pre>
          </div> <!-- main-panel-content rounded-window-bottom -->
        </div> <!-- panel -->
        <div panel-name="testlist-ParallelTesting" class="panel">
          <div class="main-panel-header rounded-window-top">
            <span class="header-content">Tests for ParallelTesting</span>
          </div> <!-- main-panel-header rounded-window-top -->
          <div class="main-panel-content rounded-window-bottom">
            <ul>
              <li>
                <span class="test-name">Test (5 classes)</span>
              </li>
            </ul>
          </div> <!-- main-panel-content rounded-window-bottom -->
        </div> <!-- panel -->
        <div panel-name="group-ParallelTesting" class="panel">
          <div class="main-panel-header rounded-window-top">
            <span class="header-content">Groups for ParallelTesting</span>
          </div> <!-- main-panel-header rounded-window-top -->
          <div class="main-panel-content rounded-window-bottom">
            <div class="test-group">
              <span class="test-group-name">smoke</span>
              <br/>
              <div class="method-in-group">
                <span class="method-in-group-name">verifyUserLoginWithValidUsernameAndInvalidPassword</span>
                <br/>
              </div> <!-- method-in-group -->
              <div class="method-in-group">
                <span class="method-in-group-name">verifyUserLoginWithValidUsernameAndValidPassword</span>
                <br/>
              </div> <!-- method-in-group -->
            </div> <!-- test-group -->
          </div> <!-- main-panel-content rounded-window-bottom -->
        </div> <!-- panel -->
        <div panel-name="times-ParallelTesting" class="panel">
          <div class="main-panel-header rounded-window-top">
            <span class="header-content">Times for ParallelTesting</span>
          </div> <!-- main-panel-header rounded-window-top -->
          <div class="main-panel-content rounded-window-bottom">
            <div class="times-div">
              <script type="text/javascript">
suiteTableInitFunctions.push('tableData_ParallelTesting');
function tableData_ParallelTesting() {
var data = new google.visualization.DataTable();
data.addColumn('number', 'Number');
data.addColumn('string', 'Method');
data.addColumn('string', 'Class');
data.addColumn('number', 'Time (ms)');
data.addRows(17);
data.setCell(0, 0, 0)
data.setCell(0, 1, 'verifyWhetherUserIsAbleToAddNewUserToTheUsersList')
data.setCell(0, 2, 'testScript.AdminUserTest')
data.setCell(0, 3, 2822);
data.setCell(1, 0, 1)
data.setCell(1, 1, 'verifyUserIsAbleToSearchNewlyAddedUsersInTheNewlyAddedUsersList')
data.setCell(1, 2, 'testScript.AdminUserTest')
data.setCell(1, 3, 2417);
data.setCell(2, 0, 2)
data.setCell(2, 1, 'verifyWhetherUserIsAbleToaddNewItemToSubCategoryList')
data.setCell(2, 2, 'testScript.SubCategoryTest')
data.setCell(2, 3, 2258);
data.setCell(3, 0, 3)
data.setCell(3, 1, 'verifyWhetherUserIsAbleToAddNewNewsInManageNews')
data.setCell(3, 2, 'testScript.ManageNewsTest')
data.setCell(3, 3, 1971);
data.setCell(4, 0, 4)
data.setCell(4, 1, 'verifySuccessfullUserLogoutFromHomePageAfterLogin')
data.setCell(4, 2, 'testScript.HomeTest')
data.setCell(4, 3, 1626);
data.setCell(5, 0, 5)
data.setCell(5, 1, 'verifyWhetherUserIsAbleTosearchItemsInTheSubCategoryList')
data.setCell(5, 2, 'testScript.SubCategoryTest')
data.setCell(5, 3, 1615);
data.setCell(6, 0, 6)
data.setCell(6, 1, 'verifyWhetherUserIsAbleTosearchNewsInManageNews')
data.setCell(6, 2, 'testScript.ManageNewsTest')
data.setCell(6, 3, 1490);
data.setCell(7, 0, 7)
data.setCell(7, 1, 'verifyWhetherUserIsAbleTorefreshPageUsingResetButton')
data.setCell(7, 2, 'testScript.SubCategoryTest')
data.setCell(7, 3, 1382);
data.setCell(8, 0, 8)
data.setCell(8, 1, 'verifyWhetherUserIsAbleToRefreshNewsPageUsingTheResetButton')
data.setCell(8, 2, 'testScript.ManageNewsTest')
data.setCell(8, 3, 1329);
data.setCell(9, 0, 9)
data.setCell(9, 1, 'verifyUserLoginWithValidUsernameAndValidPassword')
data.setCell(9, 2, 'testScript.LoginTest')
data.setCell(9, 3, 798);
data.setCell(10, 0, 10)
data.setCell(10, 1, 'verifyUserLoginWithValidUsernameAndInvalidPassword')
data.setCell(10, 2, 'testScript.LoginTest')
data.setCell(10, 3, 601);
data.setCell(11, 0, 11)
data.setCell(11, 1, 'verifyUserLoginWithInvalidUsernameAndValidPassword')
data.setCell(11, 2, 'testScript.LoginTest')
data.setCell(11, 3, 465);
data.setCell(12, 0, 12)
data.setCell(12, 1, 'verifyUserLoginWithInvalidUsernameAndInvalidPassword')
data.setCell(12, 2, 'testScript.LoginTest')
data.setCell(12, 3, 456);
data.setCell(13, 0, 13)
data.setCell(13, 1, 'verifyUserLoginWithInvalidUsernameAndInvalidPassword')
data.setCell(13, 2, 'testScript.LoginTest')
data.setCell(13, 3, 450);
data.setCell(14, 0, 14)
data.setCell(14, 1, 'verifyUserLoginWithInvalidUsernameAndInvalidPassword')
data.setCell(14, 2, 'testScript.LoginTest')
data.setCell(14, 3, 418);
data.setCell(15, 0, 15)
data.setCell(15, 1, 'verifyUserIsAbleToRefreshNewlyAddedUserPageUsingTheResetButton')
data.setCell(15, 2, 'testScript.AdminUserTest')
data.setCell(15, 3, 264);
data.setCell(16, 0, 16)
data.setCell(16, 1, 'verifySuccessfullUserLogoutFromHomePageAfterLogin')
data.setCell(16, 2, 'testScript.HomeTest')
data.setCell(16, 3, 197);
window.suiteTableData['ParallelTesting']= { tableData: data, tableDiv: 'times-div-ParallelTesting'}
return data;
}
              </script>
              <span class="suite-total-time">Total running time: 20 seconds</span>
              <div id="times-div-ParallelTesting">
              </div> <!-- times-div-ParallelTesting -->
            </div> <!-- times-div -->
          </div> <!-- main-panel-content rounded-window-bottom -->
        </div> <!-- panel -->
        <div panel-name="reporter-ParallelTesting" class="panel">
          <div class="main-panel-header rounded-window-top">
            <span class="header-content">Reporter output for ParallelTesting</span>
          </div> <!-- main-panel-header rounded-window-top -->
          <div class="main-panel-content rounded-window-bottom">
          </div> <!-- main-panel-content rounded-window-bottom -->
        </div> <!-- panel -->
        <div panel-name="ignored-methods-ParallelTesting" class="panel">
          <div class="main-panel-header rounded-window-top">
            <span class="header-content">0 ignored methods</span>
          </div> <!-- main-panel-header rounded-window-top -->
          <div class="main-panel-content rounded-window-bottom">
          </div> <!-- main-panel-content rounded-window-bottom -->
        </div> <!-- panel -->
        <div panel-name="chronological-ParallelTesting" class="panel">
          <div class="main-panel-header rounded-window-top">
            <span class="header-content">Methods in chronological order</span>
          </div> <!-- main-panel-header rounded-window-top -->
          <div class="main-panel-content rounded-window-bottom">
            <div class="chronological-class">
              <div class="chronological-class-name">testScript.HomeTest</div> <!-- chronological-class-name -->
              <div class="configuration-method before">
                <span class="method-name">intializeBrowser(Chrome)</span>
                <span class="method-start">0 ms</span>
              </div> <!-- configuration-method before -->
            </div> <!-- chronological-class -->
            <div class="chronological-class">
              <div class="chronological-class-name">testScript.AdminUserTest</div> <!-- chronological-class-name -->
              <div class="configuration-method before">
                <span class="method-name">intializeBrowser(Chrome)</span>
                <span class="method-start">1 ms</span>
              </div> <!-- configuration-method before -->
            </div> <!-- chronological-class -->
            <div class="chronological-class">
              <div class="chronological-class-name">testScript.HomeTest</div> <!-- chronological-class-name -->
              <div class="test-method">
                <span class="method-name">verifySuccessfullUserLogoutFromHomePageAfterLogin</span>
                <span class="method-start">2371 ms</span>
              </div> <!-- test-method -->
            </div> <!-- chronological-class -->
            <div class="chronological-class">
              <div class="chronological-class-name">testScript.AdminUserTest</div> <!-- chronological-class-name -->
              <div class="test-method">
                <img src="failed.png">
                </img>
                <span class="method-name">verifyUserIsAbleToRefreshNewlyAddedUserPageUsingTheResetButton</span>
                <span class="method-start">2387 ms</span>
              </div> <!-- test-method -->
            </div> <!-- chronological-class -->
            <div class="chronological-class">
              <div class="chronological-class-name">testScript.HomeTest</div> <!-- chronological-class-name -->
              <div class="configuration-method after">
                <span class="method-name">driverQuit([TestResult name=verifySuccessfullUserLogoutFromHomePageAfterLogin status=SKIP method=HomeTest.verif...)</span>
                <span class="method-start">2574 ms</span>
              </div> <!-- configuration-method after -->
            </div> <!-- chronological-class -->
            <div class="chronological-class">
              <div class="chronological-class-name">testScript.AdminUserTest</div> <!-- chronological-class-name -->
              <div class="configuration-method after">
                <span class="method-name">driverQuit([TestResult name=verifyUserIsAbleToRefreshNewlyAddedUserPageUsingTheResetButton status=FAILURE metho...)</span>
                <span class="method-start">2654 ms</span>
              </div> <!-- configuration-method after -->
            </div> <!-- chronological-class -->
            <div class="chronological-class">
              <div class="chronological-class-name">testScript.HomeTest</div> <!-- chronological-class-name -->
              <div class="configuration-method before">
                <span class="method-name">intializeBrowser(Chrome)</span>
                <span class="method-start">2742 ms</span>
              </div> <!-- configuration-method before -->
            </div> <!-- chronological-class -->
            <div class="chronological-class">
              <div class="chronological-class-name">testScript.AdminUserTest</div> <!-- chronological-class-name -->
              <div class="configuration-method before">
                <span class="method-name">intializeBrowser(Chrome)</span>
                <span class="method-start">2930 ms</span>
              </div> <!-- configuration-method before -->
            </div> <!-- chronological-class -->
            <div class="chronological-class">
              <div class="chronological-class-name">testScript.HomeTest</div> <!-- chronological-class-name -->
              <div class="test-method">
                <span class="method-name">verifySuccessfullUserLogoutFromHomePageAfterLogin</span>
                <span class="method-start">4437 ms</span>
              </div> <!-- test-method -->
            </div> <!-- chronological-class -->
            <div class="chronological-class">
              <div class="chronological-class-name">testScript.AdminUserTest</div> <!-- chronological-class-name -->
              <div class="test-method">
                <span class="method-name">verifyUserIsAbleToSearchNewlyAddedUsersInTheNewlyAddedUsersList</span>
                <span class="method-start">4632 ms</span>
              </div> <!-- test-method -->
            </div> <!-- chronological-class -->
            <div class="chronological-class">
              <div class="chronological-class-name">testScript.HomeTest</div> <!-- chronological-class-name -->
              <div class="configuration-method after">
                <span class="method-name">driverQuit([TestResult name=verifySuccessfullUserLogoutFromHomePageAfterLogin status=SUCCESS method=HomeTest.ve...)</span>
                <span class="method-start">6066 ms</span>
              </div> <!-- configuration-method after -->
            </div> <!-- chronological-class -->
            <div class="chronological-class">
              <div class="chronological-class-name">testScript.ManageNewsTest</div> <!-- chronological-class-name -->
              <div class="configuration-method before">
                <span class="method-name">intializeBrowser(Chrome)</span>
                <span class="method-start">6198 ms</span>
              </div> <!-- configuration-method before -->
            </div> <!-- chronological-class -->
            <div class="chronological-class">
              <div class="chronological-class-name">testScript.AdminUserTest</div> <!-- chronological-class-name -->
              <div class="configuration-method after">
                <span class="method-name">driverQuit([TestResult name=verifyUserIsAbleToSearchNewlyAddedUsersInTheNewlyAddedUsersList status=SUCCESS meth...)</span>
                <span class="method-start">7050 ms</span>
              </div> <!-- configuration-method after -->
              <div class="configuration-method before">
                <span class="method-name">intializeBrowser(Chrome)</span>
                <span class="method-start">7197 ms</span>
              </div> <!-- configuration-method before -->
            </div> <!-- chronological-class -->
            <div class="chronological-class">
              <div class="chronological-class-name">testScript.ManageNewsTest</div> <!-- chronological-class-name -->
              <div class="test-method">
                <span class="method-name">verifyWhetherUserIsAbleToAddNewNewsInManageNews</span>
                <span class="method-start">7797 ms</span>
              </div> <!-- test-method -->
            </div> <!-- chronological-class -->
            <div class="chronological-class">
              <div class="chronological-class-name">testScript.AdminUserTest</div> <!-- chronological-class-name -->
              <div class="test-method">
                <span class="method-name">verifyWhetherUserIsAbleToAddNewUserToTheUsersList</span>
                <span class="method-start">8820 ms</span>
              </div> <!-- test-method -->
            </div> <!-- chronological-class -->
            <div class="chronological-class">
              <div class="chronological-class-name">testScript.ManageNewsTest</div> <!-- chronological-class-name -->
              <div class="configuration-method after">
                <span class="method-name">driverQuit([TestResult name=verifyWhetherUserIsAbleToAddNewNewsInManageNews status=SUCCESS method=ManageNewsTes...)</span>
                <span class="method-start">9769 ms</span>
              </div> <!-- configuration-method after -->
              <div class="configuration-method before">
                <span class="method-name">intializeBrowser(Chrome)</span>
                <span class="method-start">9883 ms</span>
              </div> <!-- configuration-method before -->
            </div> <!-- chronological-class -->
            <div class="chronological-class">
              <div class="chronological-class-name">testScript.AdminUserTest</div> <!-- chronological-class-name -->
              <div class="configuration-method after">
                <span class="method-name">driverQuit([TestResult name=verifyWhetherUserIsAbleToAddNewUserToTheUsersList status=SUCCESS method=AdminUserTe...)</span>
                <span class="method-start">11644 ms</span>
              </div> <!-- configuration-method after -->
            </div> <!-- chronological-class -->
            <div class="chronological-class">
              <div class="chronological-class-name">testScript.ManageNewsTest</div> <!-- chronological-class-name -->
              <div class="test-method">
                <span class="method-name">verifyWhetherUserIsAbleToRefreshNewsPageUsingTheResetButton</span>
                <span class="method-start">11666 ms</span>
              </div> <!-- test-method -->
            </div> <!-- chronological-class -->
            <div class="chronological-class">
              <div class="chronological-class-name">testScript.SubCategoryTest</div> <!-- chronological-class-name -->
              <div class="configuration-method before">
                <span class="method-name">intializeBrowser(Chrome)</span>
                <span class="method-start">11877 ms</span>
              </div> <!-- configuration-method before -->
            </div> <!-- chronological-class -->
            <div class="chronological-class">
              <div class="chronological-class-name">testScript.ManageNewsTest</div> <!-- chronological-class-name -->
              <div class="configuration-method after">
                <span class="method-name">driverQuit([TestResult name=verifyWhetherUserIsAbleToRefreshNewsPageUsingTheResetButton status=SUCCESS method=M...)</span>
                <span class="method-start">12995 ms</span>
              </div> <!-- configuration-method after -->
              <div class="configuration-method before">
                <span class="method-name">intializeBrowser(Chrome)</span>
                <span class="method-start">13134 ms</span>
              </div> <!-- configuration-method before -->
            </div> <!-- chronological-class -->
            <div class="chronological-class">
              <div class="chronological-class-name">testScript.SubCategoryTest</div> <!-- chronological-class-name -->
              <div class="test-method">
                <span class="method-name">verifyWhetherUserIsAbleToaddNewItemToSubCategoryList</span>
                <span class="method-start">13469 ms</span>
              </div> <!-- test-method -->
            </div> <!-- chronological-class -->
            <div class="chronological-class">
              <div class="chronological-class-name">testScript.ManageNewsTest</div> <!-- chronological-class-name -->
              <div class="test-method">
                <span class="method-name">verifyWhetherUserIsAbleTosearchNewsInManageNews</span>
                <span class="method-start">14856 ms</span>
              </div> <!-- test-method -->
            </div> <!-- chronological-class -->
            <div class="chronological-class">
              <div class="chronological-class-name">testScript.SubCategoryTest</div> <!-- chronological-class-name -->
              <div class="configuration-method after">
                <span class="method-name">driverQuit([TestResult name=verifyWhetherUserIsAbleToaddNewItemToSubCategoryList status=SUCCESS method=SubCateg...)</span>
                <span class="method-start">15728 ms</span>
              </div> <!-- configuration-method after -->
              <div class="configuration-method before">
                <span class="method-name">intializeBrowser(Chrome)</span>
                <span class="method-start">15870 ms</span>
              </div> <!-- configuration-method before -->
            </div> <!-- chronological-class -->
            <div class="chronological-class">
              <div class="chronological-class-name">testScript.ManageNewsTest</div> <!-- chronological-class-name -->
              <div class="configuration-method after">
                <span class="method-name">driverQuit([TestResult name=verifyWhetherUserIsAbleTosearchNewsInManageNews status=SUCCESS method=ManageNewsTes...)</span>
                <span class="method-start">16347 ms</span>
              </div> <!-- configuration-method after -->
            </div> <!-- chronological-class -->
            <div class="chronological-class">
              <div class="chronological-class-name">testScript.LoginTest</div> <!-- chronological-class-name -->
              <div class="configuration-method before">
                <span class="method-name">intializeBrowser(Chrome)</span>
                <span class="method-start">16508 ms</span>
              </div> <!-- configuration-method before -->
            </div> <!-- chronological-class -->
            <div class="chronological-class">
              <div class="chronological-class-name">testScript.SubCategoryTest</div> <!-- chronological-class-name -->
              <div class="test-method">
                <span class="method-name">verifyWhetherUserIsAbleTorefreshPageUsingResetButton</span>
                <span class="method-start">17607 ms</span>
              </div> <!-- test-method -->
            </div> <!-- chronological-class -->
            <div class="chronological-class">
              <div class="chronological-class-name">testScript.LoginTest</div> <!-- chronological-class-name -->
              <div class="test-method">
                <span class="method-name">verifyUserLoginWithValidUsernameAndValidPassword</span>
                <span class="method-start">18243 ms</span>
              </div> <!-- test-method -->
            </div> <!-- chronological-class -->
            <div class="chronological-class">
              <div class="chronological-class-name">testScript.SubCategoryTest</div> <!-- chronological-class-name -->
              <div class="configuration-method after">
                <span class="method-name">driverQuit([TestResult name=verifyWhetherUserIsAbleTorefreshPageUsingResetButton status=SUCCESS method=SubCateg...)</span>
                <span class="method-start">18990 ms</span>
              </div> <!-- configuration-method after -->
            </div> <!-- chronological-class -->
            <div class="chronological-class">
              <div class="chronological-class-name">testScript.LoginTest</div> <!-- chronological-class-name -->
              <div class="configuration-method after">
                <span class="method-name">driverQuit([TestResult name=verifyUserLoginWithValidUsernameAndValidPassword status=SUCCESS method=LoginTest.ve...)</span>
                <span class="method-start">19043 ms</span>
              </div> <!-- configuration-method after -->
            </div> <!-- chronological-class -->
            <div class="chronological-class">
              <div class="chronological-class-name">testScript.SubCategoryTest</div> <!-- chronological-class-name -->
              <div class="configuration-method before">
                <span class="method-name">intializeBrowser(Chrome)</span>
                <span class="method-start">19140 ms</span>
              </div> <!-- configuration-method before -->
            </div> <!-- chronological-class -->
            <div class="chronological-class">
              <div class="chronological-class-name">testScript.LoginTest</div> <!-- chronological-class-name -->
              <div class="configuration-method before">
                <span class="method-name">intializeBrowser(Chrome)</span>
                <span class="method-start">19191 ms</span>
              </div> <!-- configuration-method before -->
              <div class="test-method">
                <span class="method-name">verifyUserLoginWithValidUsernameAndInvalidPassword</span>
                <span class="method-start">20781 ms</span>
              </div> <!-- test-method -->
            </div> <!-- chronological-class -->
            <div class="chronological-class">
              <div class="chronological-class-name">testScript.SubCategoryTest</div> <!-- chronological-class-name -->
              <div class="test-method">
                <span class="method-name">verifyWhetherUserIsAbleTosearchItemsInTheSubCategoryList</span>
                <span class="method-start">20826 ms</span>
              </div> <!-- test-method -->
            </div> <!-- chronological-class -->
            <div class="chronological-class">
              <div class="chronological-class-name">testScript.LoginTest</div> <!-- chronological-class-name -->
              <div class="configuration-method after">
                <span class="method-name">driverQuit([TestResult name=verifyUserLoginWithValidUsernameAndInvalidPassword status=SUCCESS method=LoginTest....)</span>
                <span class="method-start">21386 ms</span>
              </div> <!-- configuration-method after -->
              <div class="configuration-method before">
                <span class="method-name">intializeBrowser(Chrome)</span>
                <span class="method-start">21523 ms</span>
              </div> <!-- configuration-method before -->
            </div> <!-- chronological-class -->
            <div class="chronological-class">
              <div class="chronological-class-name">testScript.SubCategoryTest</div> <!-- chronological-class-name -->
              <div class="configuration-method after">
                <span class="method-name">driverQuit([TestResult name=verifyWhetherUserIsAbleTosearchItemsInTheSubCategoryList status=SUCCESS method=SubC...)</span>
                <span class="method-start">22442 ms</span>
              </div> <!-- configuration-method after -->
            </div> <!-- chronological-class -->
            <div class="chronological-class">
              <div class="chronological-class-name">testScript.LoginTest</div> <!-- chronological-class-name -->
              <div class="test-method">
                <img src="failed.png">
                </img>
                <span class="method-name">verifyUserLoginWithInvalidUsernameAndValidPassword</span>
                <span class="method-start">23177 ms</span>
              </div> <!-- test-method -->
              <div class="configuration-method after">
                <span class="method-name">driverQuit([TestResult name=verifyUserLoginWithInvalidUsernameAndValidPassword status=FAILURE method=LoginTest....)</span>
                <span class="method-start">23643 ms</span>
              </div> <!-- configuration-method after -->
              <div class="configuration-method before">
                <span class="method-name">intializeBrowser(Chrome)</span>
                <span class="method-start">23943 ms</span>
              </div> <!-- configuration-method before -->
              <div class="test-method">
                <span class="method-name">verifyUserLoginWithInvalidUsernameAndInvalidPassword(admin, Test)</span>
                <span class="method-start">25532 ms</span>
              </div> <!-- test-method -->
              <div class="configuration-method after">
                <span class="method-name">driverQuit([TestResult name=verifyUserLoginWithInvalidUsernameAndInvalidPassword status=SUCCESS method=LoginTes...)</span>
                <span class="method-start">25982 ms</span>
              </div> <!-- configuration-method after -->
              <div class="configuration-method before">
                <span class="method-name">intializeBrowser(Chrome)</span>
                <span class="method-start">26141 ms</span>
              </div> <!-- configuration-method before -->
              <div class="test-method">
                <span class="method-name">verifyUserLoginWithInvalidUsernameAndInvalidPassword(Test, admin)</span>
                <span class="method-start">27716 ms</span>
              </div> <!-- test-method -->
              <div class="configuration-method after">
                <span class="method-name">driverQuit([TestResult name=verifyUserLoginWithInvalidUsernameAndInvalidPassword status=SUCCESS method=LoginTes...)</span>
                <span class="method-start">28172 ms</span>
              </div> <!-- configuration-method after -->
              <div class="configuration-method before">
                <span class="method-name">intializeBrowser(Chrome)</span>
                <span class="method-start">28336 ms</span>
              </div> <!-- configuration-method before -->
              <div class="test-method">
                <img src="failed.png">
                </img>
                <span class="method-name">verifyUserLoginWithInvalidUsernameAndInvalidPassword(Test, Test)</span>
                <span class="method-start">29897 ms</span>
              </div> <!-- test-method -->
              <div class="configuration-method after">
                <span class="method-name">driverQuit([TestResult name=verifyUserLoginWithInvalidUsernameAndInvalidPassword status=FAILURE method=LoginTes...)</span>
                <span class="method-start">30316 ms</span>
              </div> <!-- configuration-method after -->
          </div> <!-- main-panel-content rounded-window-bottom -->
        </div> <!-- panel -->
      </div> <!-- main-panel-root -->
    </div> <!-- wrapper -->
  </body>
<script type="text/javascript" src="testng-reports2.js"></script>
</html>
