<?xml version="1.0" encoding="UTF-8"?>
<testng-results retried="1" ignored="1" total="18" passed="13" failed="3" skipped="0">
  <reporter-output>
  </reporter-output>
  <suite started-at="2025-03-20T13:27:12 IST" name="ParallelTesting" finished-at="2025-03-20T13:27:42 IST" duration-ms="30633">
    <groups>
      <group name="smoke">
        <method signature="LoginTest.verifyUserLoginWithValidUsernameAndValidPassword()[pri:1, instance:testScript.LoginTest@7bba5817]" name="verifyUserLoginWithValidUsernameAndValidPassword" class="testScript.LoginTest"/>
        <method signature="LoginTest.verifyUserLoginWithValidUsernameAndInvalidPassword()[pri:2, instance:testScript.LoginTest@7bba5817]" name="verifyUserLoginWithValidUsernameAndInvalidPassword" class="testScript.LoginTest"/>
      </group> <!-- smoke -->
    </groups>
    <test started-at="2025-03-20T13:27:12 IST" name="Test" finished-at="2025-03-20T13:27:42 IST" duration-ms="30633">
      <class name="testScript.LoginTest">
        <test-method is-config="true" signature="intializeBrowser(java.lang.String)[pri:0, instance:testScript.LoginTest@7bba5817]" started-at="2025-03-20T13:27:28 IST" name="intializeBrowser" finished-at="2025-03-20T13:27:30 IST" duration-ms="1735" status="PASS">
          <params>
            <param index="0">
              <value>
                <![CDATA[Chrome]]>
              </value>
            </param>
          </params>
          <reporter-output>
          </reporter-output>
        </test-method> <!-- intializeBrowser -->
        <test-method signature="verifyUserLoginWithValidUsernameAndValidPassword()[pri:1, instance:testScript.LoginTest@7bba5817]" started-at="2025-03-20T13:27:30 IST" name="verifyUserLoginWithValidUsernameAndValidPassword" description="Verification of user login with valid Credentials" finished-at="2025-03-20T13:27:31 IST" duration-ms="798" status="PASS">
          <reporter-output>
          </reporter-output>
        </test-method> <!-- verifyUserLoginWithValidUsernameAndValidPassword -->
        <test-method is-config="true" signature="driverQuit(org.testng.ITestResult)[pri:0, instance:testScript.LoginTest@7bba5817]" started-at="2025-03-20T13:27:31 IST" name="driverQuit" finished-at="2025-03-20T13:27:31 IST" duration-ms="142" status="PASS">
          <params>
            <param index="0">
              <value>
                <![CDATA[[TestResult name=verifyUserLoginWithValidUsernameAndValidPassword status=SUCCESS method=LoginTest.verifyUserLoginWithValidUsernameAndValidPassword()[pri:1, instance:testScript.LoginTest@7bba5817] output={null}]]]>
              </value>
            </param>
          </params>
          <reporter-output>
          </reporter-output>
        </test-method> <!-- driverQuit -->
        <test-method is-config="true" signature="intializeBrowser(java.lang.String)[pri:0, instance:testScript.LoginTest@7bba5817]" started-at="2025-03-20T13:27:31 IST" name="intializeBrowser" finished-at="2025-03-20T13:27:32 IST" duration-ms="1590" status="PASS">
          <params>
            <param index="0">
              <value>
                <![CDATA[Chrome]]>
              </value>
            </param>
          </params>
          <reporter-output>
          </reporter-output>
        </test-method> <!-- intializeBrowser -->
        <test-method signature="verifyUserLoginWithValidUsernameAndInvalidPassword()[pri:2, instance:testScript.LoginTest@7bba5817]" started-at="2025-03-20T13:27:32 IST" name="verifyUserLoginWithValidUsernameAndInvalidPassword" description="Verification of user login with valid username and invalid password" finished-at="2025-03-20T13:27:33 IST" duration-ms="601" status="PASS">
          <reporter-output>
          </reporter-output>
        </test-method> <!-- verifyUserLoginWithValidUsernameAndInvalidPassword -->
        <test-method is-config="true" signature="driverQuit(org.testng.ITestResult)[pri:0, instance:testScript.LoginTest@7bba5817]" started-at="2025-03-20T13:27:33 IST" name="driverQuit" finished-at="2025-03-20T13:27:33 IST" duration-ms="137" status="PASS">
          <params>
            <param index="0">
              <value>
                <![CDATA[[TestResult name=verifyUserLoginWithValidUsernameAndInvalidPassword status=SUCCESS method=LoginTest.verifyUserLoginWithValidUsernameAndInvalidPassword()[pri:2, instance:testScript.LoginTest@7bba5817] output={null}]]]>
              </value>
            </param>
          </params>
          <reporter-output>
          </reporter-output>
        </test-method> <!-- driverQuit -->
        <test-method is-config="true" signature="intializeBrowser(java.lang.String)[pri:0, instance:testScript.LoginTest@7bba5817]" started-at="2025-03-20T13:27:33 IST" name="intializeBrowser" finished-at="2025-03-20T13:27:35 IST" duration-ms="1654" status="PASS">
          <params>
            <param index="0">
              <value>
                <![CDATA[Chrome]]>
              </value>
            </param>
          </params>
          <reporter-output>
          </reporter-output>
        </test-method> <!-- intializeBrowser -->
        <test-method signature="verifyUserLoginWithInvalidUsernameAndValidPassword()[pri:3, instance:testScript.LoginTest@7bba5817]" started-at="2025-03-20T13:27:35 IST" name="verifyUserLoginWithInvalidUsernameAndValidPassword" description="Verification of user login with invalid username and valid password" finished-at="2025-03-20T13:27:35 IST" duration-ms="465" status="FAIL">
          <exception class="org.openqa.selenium.StaleElementReferenceException">
            <message>
              <![CDATA[stale element reference: stale element not found
  (Session info: chrome=134.0.6998.89)
For documentation on this error, please visit: https://www.selenium.dev/documentation/webdriver/troubleshooting/errors#stale-element-reference-exception
Build info: version: '4.28.1', revision: '73f5ad48a2'
System info: os.name: 'Windows 11', os.arch: 'amd64', os.version: '10.0', java.version: '21.0.4'
Driver info: org.openqa.selenium.chrome.ChromeDriver
Command: [004e696f00a84bce534660e1052cf625, isElementDisplayed {id=f.430380A7BAC92DC8F992620D38070618.d.795DE458D75A1924AAE6B807C0831FE3.e.22}]
Capabilities {acceptInsecureCerts: false, browserName: chrome, browserVersion: 134.0.6998.89, chrome: {chromedriverVersion: 134.0.6998.90 (219ee74681fc..., userDataDir: C:\Users\RESHMA\AppData\Loc...}, fedcm:accounts: true, goog:chromeOptions: {debuggerAddress: localhost:51419}, networkConnectionEnabled: false, pageLoadStrategy: normal, platformName: windows, proxy: Proxy(), se:cdp: ws://localhost:51419/devtoo..., se:cdpVersion: 134.0.6998.89, setWindowRect: true, strictFileInteractability: false, timeouts: {implicit: 0, pageLoad: 300000, script: 30000}, unhandledPromptBehavior: dismiss and notify, webauthn:extension:credBlob: true, webauthn:extension:largeBlob: true, webauthn:extension:minPinLength: true, webauthn:extension:prf: true, webauthn:virtualAuthenticators: true}
Element: [[ChromeDriver: chrome on windows (004e696f00a84bce534660e1052cf625)] -> xpath: //b[text()='7rmart supermarket']]
Session ID: 004e696f00a84bce534660e1052cf625]]>
            </message>
            <full-stacktrace>
              <![CDATA[org.openqa.selenium.StaleElementReferenceException: stale element reference: stale element not found
  (Session info: chrome=134.0.6998.89)
For documentation on this error, please visit: https://www.selenium.dev/documentation/webdriver/troubleshooting/errors#stale-element-reference-exception
Build info: version: '4.28.1', revision: '73f5ad48a2'
System info: os.name: 'Windows 11', os.arch: 'amd64', os.version: '10.0', java.version: '21.0.4'
Driver info: org.openqa.selenium.chrome.ChromeDriver
Command: [004e696f00a84bce534660e1052cf625, isElementDisplayed {id=f.430380A7BAC92DC8F992620D38070618.d.795DE458D75A1924AAE6B807C0831FE3.e.22}]
Capabilities {acceptInsecureCerts: false, browserName: chrome, browserVersion: 134.0.6998.89, chrome: {chromedriverVersion: 134.0.6998.90 (219ee74681fc..., userDataDir: C:\Users\RESHMA\AppData\Loc...}, fedcm:accounts: true, goog:chromeOptions: {debuggerAddress: localhost:51419}, networkConnectionEnabled: false, pageLoadStrategy: normal, platformName: windows, proxy: Proxy(), se:cdp: ws://localhost:51419/devtoo..., se:cdpVersion: 134.0.6998.89, setWindowRect: true, strictFileInteractability: false, timeouts: {implicit: 0, pageLoad: 300000, script: 30000}, unhandledPromptBehavior: dismiss and notify, webauthn:extension:credBlob: true, webauthn:extension:largeBlob: true, webauthn:extension:minPinLength: true, webauthn:extension:prf: true, webauthn:virtualAuthenticators: true}
Element: [[ChromeDriver: chrome on windows (004e696f00a84bce534660e1052cf625)] -> xpath: //b[text()='7rmart supermarket']]
Session ID: 004e696f00a84bce534660e1052cf625
at java.base/jdk.internal.reflect.DirectConstructorHandleAccessor.newInstance(DirectConstructorHandleAccessor.java:62)
at java.base/java.lang.reflect.Constructor.newInstanceWithCaller(Constructor.java:502)
at java.base/java.lang.reflect.Constructor.newInstance(Constructor.java:486)
at org.openqa.selenium.remote.ErrorCodec.decode(ErrorCodec.java:167)
at org.openqa.selenium.remote.codec.w3c.W3CHttpResponseCodec.decode(W3CHttpResponseCodec.java:138)
at org.openqa.selenium.remote.codec.w3c.W3CHttpResponseCodec.decode(W3CHttpResponseCodec.java:50)
at org.openqa.selenium.remote.HttpCommandExecutor.execute(HttpCommandExecutor.java:215)
at org.openqa.selenium.remote.service.DriverCommandExecutor.invokeExecute(DriverCommandExecutor.java:216)
at org.openqa.selenium.remote.service.DriverCommandExecutor.execute(DriverCommandExecutor.java:174)
at org.openqa.selenium.remote.RemoteWebDriver.execute(RemoteWebDriver.java:545)
at org.openqa.selenium.remote.RemoteWebElement.execute(RemoteWebElement.java:223)
at org.openqa.selenium.remote.RemoteWebElement.isDisplayed(RemoteWebElement.java:282)
at java.base/jdk.internal.reflect.DirectMethodHandleAccessor.invoke(DirectMethodHandleAccessor.java:103)
at java.base/java.lang.reflect.Method.invoke(Method.java:580)
at org.openqa.selenium.support.pagefactory.internal.LocatingElementHandler.invoke(LocatingElementHandler.java:51)
at jdk.proxy2/jdk.proxy2.$Proxy14.isDisplayed(Unknown Source)
at pages.LoginPage.isTitleDisplayed(LoginPage.java:60)
at testScript.LoginTest.verifyUserLoginWithInvalidUsernameAndValidPassword(LoginTest.java:56)
at java.base/jdk.internal.reflect.DirectMethodHandleAccessor.invoke(DirectMethodHandleAccessor.java:103)
at java.base/java.lang.reflect.Method.invoke(Method.java:580)
at org.testng.internal.invokers.MethodInvocationHelper.invokeMethod(MethodInvocationHelper.java:141)
at org.testng.internal.invokers.TestInvoker.invokeMethod(TestInvoker.java:686)
at org.testng.internal.invokers.TestInvoker.invokeTestMethod(TestInvoker.java:230)
at org.testng.internal.invokers.MethodRunner.runInSequence(MethodRunner.java:63)
at org.testng.internal.invokers.TestInvoker$MethodInvocationAgent.invoke(TestInvoker.java:992)
at org.testng.internal.invokers.TestInvoker.invokeTestMethods(TestInvoker.java:203)
at org.testng.internal.invokers.TestMethodWorker.invokeTestMethods(TestMethodWorker.java:154)
at org.testng.internal.invokers.TestMethodWorker.run(TestMethodWorker.java:134)
at java.base/java.util.concurrent.Executors$RunnableAdapter.call(Executors.java:572)
at java.base/java.util.concurrent.FutureTask.run(FutureTask.java:317)
at org.testng.internal.thread.graph.TestNGFutureTask.run(TestNGFutureTask.java:22)
at java.base/java.util.concurrent.ThreadPoolExecutor.runWorker(ThreadPoolExecutor.java:1144)
at java.base/java.util.concurrent.ThreadPoolExecutor$Worker.run(ThreadPoolExecutor.java:642)
at java.base/java.lang.Thread.run(Thread.java:1583)
]]>
            </full-stacktrace>
          </exception> <!-- org.openqa.selenium.StaleElementReferenceException -->
          <reporter-output>
          </reporter-output>
        </test-method> <!-- verifyUserLoginWithInvalidUsernameAndValidPassword -->
        <test-method is-config="true" signature="driverQuit(org.testng.ITestResult)[pri:0, instance:testScript.LoginTest@7bba5817]" started-at="2025-03-20T13:27:35 IST" name="driverQuit" finished-at="2025-03-20T13:27:36 IST" duration-ms="296" status="PASS">
          <params>
            <param index="0">
              <value>
                <![CDATA[[TestResult name=verifyUserLoginWithInvalidUsernameAndValidPassword status=FAILURE method=LoginTest.verifyUserLoginWithInvalidUsernameAndValidPassword()[pri:3, instance:testScript.LoginTest@7bba5817] output={null}]]]>
              </value>
            </param>
          </params>
          <reporter-output>
          </reporter-output>
        </test-method> <!-- driverQuit -->
        <test-method is-config="true" signature="intializeBrowser(java.lang.String)[pri:0, instance:testScript.LoginTest@7bba5817]" started-at="2025-03-20T13:27:36 IST" name="intializeBrowser" finished-at="2025-03-20T13:27:37 IST" duration-ms="1589" status="PASS">
          <params>
            <param index="0">
              <value>
                <![CDATA[Chrome]]>
              </value>
            </param>
          </params>
          <reporter-output>
          </reporter-output>
        </test-method> <!-- intializeBrowser -->
        <test-method signature="verifyUserLoginWithInvalidUsernameAndInvalidPassword(java.lang.String,java.lang.String)[pri:4, instance:testScript.LoginTest@7bba5817]" started-at="2025-03-20T13:27:37 IST" name="verifyUserLoginWithInvalidUsernameAndInvalidPassword" description="Verification of user login with invalid username and invalid password" data-provider="loginProvider" finished-at="2025-03-20T13:27:38 IST" duration-ms="450" status="PASS">
          <params>
            <param index="0">
              <value>
                <![CDATA[admin]]>
              </value>
            </param>
            <param index="1">
              <value>
                <![CDATA[Test]]>
              </value>
            </param>
          </params>
          <reporter-output>
          </reporter-output>
        </test-method> <!-- verifyUserLoginWithInvalidUsernameAndInvalidPassword -->
        <test-method is-config="true" signature="driverQuit(org.testng.ITestResult)[pri:0, instance:testScript.LoginTest@7bba5817]" started-at="2025-03-20T13:27:38 IST" name="driverQuit" finished-at="2025-03-20T13:27:38 IST" duration-ms="158" status="PASS">
          <params>
            <param index="0">
              <value>
                <![CDATA[[TestResult name=verifyUserLoginWithInvalidUsernameAndInvalidPassword status=SUCCESS method=LoginTest.verifyUserLoginWithInvalidUsernameAndInvalidPassword(java.lang.String,java.lang.String)[pri:4, instance:testScript.LoginTest@7bba5817] output={null}]]]>
              </value>
            </param>
          </params>
          <reporter-output>
          </reporter-output>
        </test-method> <!-- driverQuit -->
        <test-method is-config="true" signature="intializeBrowser(java.lang.String)[pri:0, instance:testScript.LoginTest@7bba5817]" started-at="2025-03-20T13:27:38 IST" name="intializeBrowser" finished-at="2025-03-20T13:27:39 IST" duration-ms="1575" status="PASS">
          <params>
            <param index="0">
              <value>
                <![CDATA[Chrome]]>
              </value>
            </param>
          </params>
          <reporter-output>
          </reporter-output>
        </test-method> <!-- intializeBrowser -->
        <test-method signature="verifyUserLoginWithInvalidUsernameAndInvalidPassword(java.lang.String,java.lang.String)[pri:4, instance:testScript.LoginTest@7bba5817]" started-at="2025-03-20T13:27:39 IST" name="verifyUserLoginWithInvalidUsernameAndInvalidPassword" description="Verification of user login with invalid username and invalid password" data-provider="loginProvider" finished-at="2025-03-20T13:27:40 IST" duration-ms="456" status="PASS">
          <params>
            <param index="0">
              <value>
                <![CDATA[Test]]>
              </value>
            </param>
            <param index="1">
              <value>
                <![CDATA[admin]]>
              </value>
            </param>
          </params>
          <reporter-output>
          </reporter-output>
        </test-method> <!-- verifyUserLoginWithInvalidUsernameAndInvalidPassword -->
        <test-method is-config="true" signature="driverQuit(org.testng.ITestResult)[pri:0, instance:testScript.LoginTest@7bba5817]" started-at="2025-03-20T13:27:40 IST" name="driverQuit" finished-at="2025-03-20T13:27:40 IST" duration-ms="162" status="PASS">
          <params>
            <param index="0">
              <value>
                <![CDATA[[TestResult name=verifyUserLoginWithInvalidUsernameAndInvalidPassword status=SUCCESS method=LoginTest.verifyUserLoginWithInvalidUsernameAndInvalidPassword(java.lang.String,java.lang.String)[pri:4, instance:testScript.LoginTest@7bba5817] output={null}]]]>
              </value>
            </param>
          </params>
          <reporter-output>
          </reporter-output>
        </test-method> <!-- driverQuit -->
        <test-method is-config="true" signature="intializeBrowser(java.lang.String)[pri:0, instance:testScript.LoginTest@7bba5817]" started-at="2025-03-20T13:27:40 IST" name="intializeBrowser" finished-at="2025-03-20T13:27:42 IST" duration-ms="1561" status="PASS">
          <params>
            <param index="0">
              <value>
                <![CDATA[Chrome]]>
              </value>
            </param>
          </params>
          <reporter-output>
          </reporter-output>
        </test-method> <!-- intializeBrowser -->
        <test-method signature="verifyUserLoginWithInvalidUsernameAndInvalidPassword(java.lang.String,java.lang.String)[pri:4, instance:testScript.LoginTest@7bba5817]" started-at="2025-03-20T13:27:42 IST" name="verifyUserLoginWithInvalidUsernameAndInvalidPassword" description="Verification of user login with invalid username and invalid password" data-provider="loginProvider" finished-at="2025-03-20T13:27:42 IST" duration-ms="418" status="FAIL">
          <params>
            <param index="0">
              <value>
                <![CDATA[Test]]>
              </value>
            </param>
            <param index="1">
              <value>
                <![CDATA[Test]]>
              </value>
            </param>
          </params>
          <exception class="org.openqa.selenium.StaleElementReferenceException">
            <message>
              <![CDATA[stale element reference: stale element not found
  (Session info: chrome=134.0.6998.89)
For documentation on this error, please visit: https://www.selenium.dev/documentation/webdriver/troubleshooting/errors#stale-element-reference-exception
Build info: version: '4.28.1', revision: '73f5ad48a2'
System info: os.name: 'Windows 11', os.arch: 'amd64', os.version: '10.0', java.version: '21.0.4'
Driver info: org.openqa.selenium.chrome.ChromeDriver
Command: [8e97d70e2982d1617de49be105794a30, isElementDisplayed {id=f.38F8400DC7691624E8E981D2A9B1B028.d.17C6C94D27028FAB9E220D314919356C.e.22}]
Capabilities {acceptInsecureCerts: false, browserName: chrome, browserVersion: 134.0.6998.89, chrome: {chromedriverVersion: 134.0.6998.90 (219ee74681fc..., userDataDir: C:\Users\RESHMA\AppData\Loc...}, fedcm:accounts: true, goog:chromeOptions: {debuggerAddress: localhost:51480}, networkConnectionEnabled: false, pageLoadStrategy: normal, platformName: windows, proxy: Proxy(), se:cdp: ws://localhost:51480/devtoo..., se:cdpVersion: 134.0.6998.89, setWindowRect: true, strictFileInteractability: false, timeouts: {implicit: 0, pageLoad: 300000, script: 30000}, unhandledPromptBehavior: dismiss and notify, webauthn:extension:credBlob: true, webauthn:extension:largeBlob: true, webauthn:extension:minPinLength: true, webauthn:extension:prf: true, webauthn:virtualAuthenticators: true}
Element: [[ChromeDriver: chrome on windows (8e97d70e2982d1617de49be105794a30)] -> xpath: //b[text()='7rmart supermarket']]
Session ID: 8e97d70e2982d1617de49be105794a30]]>
            </message>
            <full-stacktrace>
              <![CDATA[org.openqa.selenium.StaleElementReferenceException: stale element reference: stale element not found
  (Session info: chrome=134.0.6998.89)
For documentation on this error, please visit: https://www.selenium.dev/documentation/webdriver/troubleshooting/errors#stale-element-reference-exception
Build info: version: '4.28.1', revision: '73f5ad48a2'
System info: os.name: 'Windows 11', os.arch: 'amd64', os.version: '10.0', java.version: '21.0.4'
Driver info: org.openqa.selenium.chrome.ChromeDriver
Command: [8e97d70e2982d1617de49be105794a30, isElementDisplayed {id=f.38F8400DC7691624E8E981D2A9B1B028.d.17C6C94D27028FAB9E220D314919356C.e.22}]
Capabilities {acceptInsecureCerts: false, browserName: chrome, browserVersion: 134.0.6998.89, chrome: {chromedriverVersion: 134.0.6998.90 (219ee74681fc..., userDataDir: C:\Users\RESHMA\AppData\Loc...}, fedcm:accounts: true, goog:chromeOptions: {debuggerAddress: localhost:51480}, networkConnectionEnabled: false, pageLoadStrategy: normal, platformName: windows, proxy: Proxy(), se:cdp: ws://localhost:51480/devtoo..., se:cdpVersion: 134.0.6998.89, setWindowRect: true, strictFileInteractability: false, timeouts: {implicit: 0, pageLoad: 300000, script: 30000}, unhandledPromptBehavior: dismiss and notify, webauthn:extension:credBlob: true, webauthn:extension:largeBlob: true, webauthn:extension:minPinLength: true, webauthn:extension:prf: true, webauthn:virtualAuthenticators: true}
Element: [[ChromeDriver: chrome on windows (8e97d70e2982d1617de49be105794a30)] -> xpath: //b[text()='7rmart supermarket']]
Session ID: 8e97d70e2982d1617de49be105794a30
at java.base/jdk.internal.reflect.DirectConstructorHandleAccessor.newInstance(DirectConstructorHandleAccessor.java:62)
at java.base/java.lang.reflect.Constructor.newInstanceWithCaller(Constructor.java:502)
at java.base/java.lang.reflect.Constructor.newInstance(Constructor.java:486)
at org.openqa.selenium.remote.ErrorCodec.decode(ErrorCodec.java:167)
at org.openqa.selenium.remote.codec.w3c.W3CHttpResponseCodec.decode(W3CHttpResponseCodec.java:138)
at org.openqa.selenium.remote.codec.w3c.W3CHttpResponseCodec.decode(W3CHttpResponseCodec.java:50)
at org.openqa.selenium.remote.HttpCommandExecutor.execute(HttpCommandExecutor.java:215)
at org.openqa.selenium.remote.service.DriverCommandExecutor.invokeExecute(DriverCommandExecutor.java:216)
at org.openqa.selenium.remote.service.DriverCommandExecutor.execute(DriverCommandExecutor.java:174)
at org.openqa.selenium.remote.RemoteWebDriver.execute(RemoteWebDriver.java:545)
at org.openqa.selenium.remote.RemoteWebElement.execute(RemoteWebElement.java:223)
at org.openqa.selenium.remote.RemoteWebElement.isDisplayed(RemoteWebElement.java:282)
at java.base/jdk.internal.reflect.DirectMethodHandleAccessor.invoke(DirectMethodHandleAccessor.java:103)
at java.base/java.lang.reflect.Method.invoke(Method.java:580)
at org.openqa.selenium.support.pagefactory.internal.LocatingElementHandler.invoke(LocatingElementHandler.java:51)
at jdk.proxy2/jdk.proxy2.$Proxy14.isDisplayed(Unknown Source)
at pages.LoginPage.isTitleDisplayed(LoginPage.java:60)
at testScript.LoginTest.verifyUserLoginWithInvalidUsernameAndInvalidPassword(LoginTest.java:70)
at java.base/jdk.internal.reflect.DirectMethodHandleAccessor.invoke(DirectMethodHandleAccessor.java:103)
at java.base/java.lang.reflect.Method.invoke(Method.java:580)
at org.testng.internal.invokers.MethodInvocationHelper.invokeMethod(MethodInvocationHelper.java:141)
at org.testng.internal.invokers.TestInvoker.invokeMethod(TestInvoker.java:686)
at org.testng.internal.invokers.TestInvoker.invokeTestMethod(TestInvoker.java:230)
at org.testng.internal.invokers.MethodRunner.runInSequence(MethodRunner.java:63)
at org.testng.internal.invokers.TestInvoker$MethodInvocationAgent.invoke(TestInvoker.java:992)
at org.testng.internal.invokers.TestInvoker.invokeTestMethods(TestInvoker.java:203)
at org.testng.internal.invokers.TestMethodWorker.invokeTestMethods(TestMethodWorker.java:154)
at org.testng.internal.invokers.TestMethodWorker.run(TestMethodWorker.java:134)
at java.base/java.util.concurrent.Executors$RunnableAdapter.call(Executors.java:572)
at java.base/java.util.concurrent.FutureTask.run(FutureTask.java:317)
at org.testng.internal.thread.graph.TestNGFutureTask.run(TestNGFutureTask.java:22)
at java.base/java.util.concurrent.ThreadPoolExecutor.runWorker(ThreadPoolExecutor.java:1144)
at java.base/java.util.concurrent.ThreadPoolExecutor$Worker.run(ThreadPoolExecutor.java:642)
at java.base/java.lang.Thread.run(Thread.java:1583)
]]>
            </full-stacktrace>
          </exception> <!-- org.openqa.selenium.StaleElementReferenceException -->
          <reporter-output>
          </reporter-output>
        </test-method> <!-- verifyUserLoginWithInvalidUsernameAndInvalidPassword -->
        <test-method is-config="true" signature="driverQuit(org.testng.ITestResult)[pri:0, instance:testScript.LoginTest@7bba5817]" started-at="2025-03-20T13:27:42 IST" name="driverQuit" finished-at="2025-03-20T13:27:42 IST" duration-ms="264" status="PASS">
          <params>
            <param index="0">
              <value>
                <![CDATA[[TestResult name=verifyUserLoginWithInvalidUsernameAndInvalidPassword status=FAILURE method=LoginTest.verifyUserLoginWithInvalidUsernameAndInvalidPassword(java.lang.String,java.lang.String)[pri:4, instance:testScript.LoginTest@7bba5817] output={null}]]]>
              </value>
            </param>
          </params>
          <reporter-output>
          </reporter-output>
        </test-method> <!-- driverQuit -->
      </class> <!-- testScript.LoginTest -->
      <class name="testScript.SubCategoryTest">
        <test-method is-config="true" signature="intializeBrowser(java.lang.String)[pri:0, instance:testScript.SubCategoryTest@183ec003]" started-at="2025-03-20T13:27:23 IST" name="intializeBrowser" finished-at="2025-03-20T13:27:25 IST" duration-ms="1592" status="PASS">
          <params>
            <param index="0">
              <value>
                <![CDATA[Chrome]]>
              </value>
            </param>
          </params>
          <reporter-output>
          </reporter-output>
        </test-method> <!-- intializeBrowser -->
        <test-method signature="verifyWhetherUserIsAbleToaddNewItemToSubCategoryList()[pri:0, instance:testScript.SubCategoryTest@183ec003]" started-at="2025-03-20T13:27:25 IST" name="verifyWhetherUserIsAbleToaddNewItemToSubCategoryList" description="Verify whether the user can add new item in the Sub category list using New Button" finished-at="2025-03-20T13:27:27 IST" duration-ms="2258" status="PASS">
          <reporter-output>
          </reporter-output>
        </test-method> <!-- verifyWhetherUserIsAbleToaddNewItemToSubCategoryList -->
        <test-method is-config="true" signature="driverQuit(org.testng.ITestResult)[pri:0, instance:testScript.SubCategoryTest@183ec003]" started-at="2025-03-20T13:27:27 IST" name="driverQuit" finished-at="2025-03-20T13:27:27 IST" duration-ms="139" status="PASS">
          <params>
            <param index="0">
              <value>
                <![CDATA[[TestResult name=verifyWhetherUserIsAbleToaddNewItemToSubCategoryList status=SUCCESS method=SubCategoryTest.verifyWhetherUserIsAbleToaddNewItemToSubCategoryList()[pri:0, instance:testScript.SubCategoryTest@183ec003] output={null}]]]>
              </value>
            </param>
          </params>
          <reporter-output>
          </reporter-output>
        </test-method> <!-- driverQuit -->
        <test-method is-config="true" signature="intializeBrowser(java.lang.String)[pri:0, instance:testScript.SubCategoryTest@183ec003]" started-at="2025-03-20T13:27:27 IST" name="intializeBrowser" finished-at="2025-03-20T13:27:29 IST" duration-ms="1737" status="PASS">
          <params>
            <param index="0">
              <value>
                <![CDATA[Chrome]]>
              </value>
            </param>
          </params>
          <reporter-output>
          </reporter-output>
        </test-method> <!-- intializeBrowser -->
        <test-method signature="verifyWhetherUserIsAbleTorefreshPageUsingResetButton()[pri:0, instance:testScript.SubCategoryTest@183ec003]" started-at="2025-03-20T13:27:29 IST" name="verifyWhetherUserIsAbleTorefreshPageUsingResetButton" description="Verify whether the user can refresh the Sub Category list using Reset Button" finished-at="2025-03-20T13:27:31 IST" duration-ms="1382" status="PASS">
          <reporter-output>
          </reporter-output>
        </test-method> <!-- verifyWhetherUserIsAbleTorefreshPageUsingResetButton -->
        <test-method is-config="true" signature="driverQuit(org.testng.ITestResult)[pri:0, instance:testScript.SubCategoryTest@183ec003]" started-at="2025-03-20T13:27:31 IST" name="driverQuit" finished-at="2025-03-20T13:27:31 IST" duration-ms="148" status="PASS">
          <params>
            <param index="0">
              <value>
                <![CDATA[[TestResult name=verifyWhetherUserIsAbleTorefreshPageUsingResetButton status=SUCCESS method=SubCategoryTest.verifyWhetherUserIsAbleTorefreshPageUsingResetButton()[pri:0, instance:testScript.SubCategoryTest@183ec003] output={null}]]]>
              </value>
            </param>
          </params>
          <reporter-output>
          </reporter-output>
        </test-method> <!-- driverQuit -->
        <test-method is-config="true" signature="intializeBrowser(java.lang.String)[pri:0, instance:testScript.SubCategoryTest@183ec003]" started-at="2025-03-20T13:27:31 IST" name="intializeBrowser" finished-at="2025-03-20T13:27:32 IST" duration-ms="1685" status="PASS">
          <params>
            <param index="0">
              <value>
                <![CDATA[Chrome]]>
              </value>
            </param>
          </params>
          <reporter-output>
          </reporter-output>
        </test-method> <!-- intializeBrowser -->
        <test-method signature="verifyWhetherUserIsAbleTosearchItemsInTheSubCategoryList()[pri:0, instance:testScript.SubCategoryTest@183ec003]" started-at="2025-03-20T13:27:32 IST" name="verifyWhetherUserIsAbleTosearchItemsInTheSubCategoryList" description="Verify whether the user can search a item in the Sub Category list using Search Button" finished-at="2025-03-20T13:27:34 IST" duration-ms="1615" status="PASS">
          <reporter-output>
          </reporter-output>
        </test-method> <!-- verifyWhetherUserIsAbleTosearchItemsInTheSubCategoryList -->
        <test-method is-config="true" signature="driverQuit(org.testng.ITestResult)[pri:0, instance:testScript.SubCategoryTest@183ec003]" started-at="2025-03-20T13:27:34 IST" name="driverQuit" finished-at="2025-03-20T13:27:34 IST" duration-ms="122" status="PASS">
          <params>
            <param index="0">
              <value>
                <![CDATA[[TestResult name=verifyWhetherUserIsAbleTosearchItemsInTheSubCategoryList status=SUCCESS method=SubCategoryTest.verifyWhetherUserIsAbleTosearchItemsInTheSubCategoryList()[pri:0, instance:testScript.SubCategoryTest@183ec003] output={null}]]]>
              </value>
            </param>
          </params>
          <reporter-output>
          </reporter-output>
        </test-method> <!-- driverQuit -->
      </class> <!-- testScript.SubCategoryTest -->
      <class name="testScript.ManageNewsTest">
        <test-method is-config="true" signature="intializeBrowser(java.lang.String)[pri:0, instance:testScript.ManageNewsTest@7c137fd5]" started-at="2025-03-20T13:27:18 IST" name="intializeBrowser" finished-at="2025-03-20T13:27:19 IST" duration-ms="1598" status="PASS">
          <params>
            <param index="0">
              <value>
                <![CDATA[Chrome]]>
              </value>
            </param>
          </params>
          <reporter-output>
          </reporter-output>
        </test-method> <!-- intializeBrowser -->
        <test-method signature="verifyWhetherUserIsAbleToAddNewNewsInManageNews()[pri:0, instance:testScript.ManageNewsTest@7c137fd5]" started-at="2025-03-20T13:27:19 IST" name="verifyWhetherUserIsAbleToAddNewNewsInManageNews" description="Verify whether the user can add new news in the News list using New Button" finished-at="2025-03-20T13:27:21 IST" duration-ms="1971" status="PASS">
          <reporter-output>
          </reporter-output>
        </test-method> <!-- verifyWhetherUserIsAbleToAddNewNewsInManageNews -->
        <test-method is-config="true" signature="driverQuit(org.testng.ITestResult)[pri:0, instance:testScript.ManageNewsTest@7c137fd5]" started-at="2025-03-20T13:27:21 IST" name="driverQuit" finished-at="2025-03-20T13:27:21 IST" duration-ms="113" status="PASS">
          <params>
            <param index="0">
              <value>
                <![CDATA[[TestResult name=verifyWhetherUserIsAbleToAddNewNewsInManageNews status=SUCCESS method=ManageNewsTest.verifyWhetherUserIsAbleToAddNewNewsInManageNews()[pri:0, instance:testScript.ManageNewsTest@7c137fd5] output={null}]]]>
              </value>
            </param>
          </params>
          <reporter-output>
          </reporter-output>
        </test-method> <!-- driverQuit -->
        <test-method is-config="true" signature="intializeBrowser(java.lang.String)[pri:0, instance:testScript.ManageNewsTest@7c137fd5]" started-at="2025-03-20T13:27:21 IST" name="intializeBrowser" finished-at="2025-03-20T13:27:23 IST" duration-ms="1783" status="PASS">
          <params>
            <param index="0">
              <value>
                <![CDATA[Chrome]]>
              </value>
            </param>
          </params>
          <reporter-output>
          </reporter-output>
        </test-method> <!-- intializeBrowser -->
        <test-method signature="verifyWhetherUserIsAbleToRefreshNewsPageUsingTheResetButton()[pri:0, instance:testScript.ManageNewsTest@7c137fd5]" started-at="2025-03-20T13:27:23 IST" name="verifyWhetherUserIsAbleToRefreshNewsPageUsingTheResetButton" description="Verify whether the user can refresh the News list using Reset Button" finished-at="2025-03-20T13:27:25 IST" duration-ms="1329" status="PASS">
          <reporter-output>
          </reporter-output>
        </test-method> <!-- verifyWhetherUserIsAbleToRefreshNewsPageUsingTheResetButton -->
        <test-method is-config="true" signature="driverQuit(org.testng.ITestResult)[pri:0, instance:testScript.ManageNewsTest@7c137fd5]" started-at="2025-03-20T13:27:25 IST" name="driverQuit" finished-at="2025-03-20T13:27:25 IST" duration-ms="139" status="PASS">
          <params>
            <param index="0">
              <value>
                <![CDATA[[TestResult name=verifyWhetherUserIsAbleToRefreshNewsPageUsingTheResetButton status=SUCCESS method=ManageNewsTest.verifyWhetherUserIsAbleToRefreshNewsPageUsingTheResetButton()[pri:0, instance:testScript.ManageNewsTest@7c137fd5] output={null}]]]>
              </value>
            </param>
          </params>
          <reporter-output>
          </reporter-output>
        </test-method> <!-- driverQuit -->
        <test-method is-config="true" signature="intializeBrowser(java.lang.String)[pri:0, instance:testScript.ManageNewsTest@7c137fd5]" started-at="2025-03-20T13:27:25 IST" name="intializeBrowser" finished-at="2025-03-20T13:27:26 IST" duration-ms="1722" status="PASS">
          <params>
            <param index="0">
              <value>
                <![CDATA[Chrome]]>
              </value>
            </param>
          </params>
          <reporter-output>
          </reporter-output>
        </test-method> <!-- intializeBrowser -->
        <test-method signature="verifyWhetherUserIsAbleTosearchNewsInManageNews()[pri:0, instance:testScript.ManageNewsTest@7c137fd5]" started-at="2025-03-20T13:27:26 IST" name="verifyWhetherUserIsAbleTosearchNewsInManageNews" description="Verify whether the user can search a news in the News list using Search Button" finished-at="2025-03-20T13:27:28 IST" duration-ms="1490" status="PASS">
          <reporter-output>
          </reporter-output>
        </test-method> <!-- verifyWhetherUserIsAbleTosearchNewsInManageNews -->
        <test-method is-config="true" signature="driverQuit(org.testng.ITestResult)[pri:0, instance:testScript.ManageNewsTest@7c137fd5]" started-at="2025-03-20T13:27:28 IST" name="driverQuit" finished-at="2025-03-20T13:27:28 IST" duration-ms="161" status="PASS">
          <params>
            <param index="0">
              <value>
                <![CDATA[[TestResult name=verifyWhetherUserIsAbleTosearchNewsInManageNews status=SUCCESS method=ManageNewsTest.verifyWhetherUserIsAbleTosearchNewsInManageNews()[pri:0, instance:testScript.ManageNewsTest@7c137fd5] output={null}]]]>
              </value>
            </param>
          </params>
          <reporter-output>
          </reporter-output>
        </test-method> <!-- driverQuit -->
      </class> <!-- testScript.ManageNewsTest -->
      <class name="testScript.HomeTest">
        <test-method is-config="true" signature="intializeBrowser(java.lang.String)[pri:0, instance:testScript.HomeTest@231f98ef]" started-at="2025-03-20T13:27:12 IST" name="intializeBrowser" finished-at="2025-03-20T13:27:14 IST" duration-ms="2367" status="PASS">
          <params>
            <param index="0">
              <value>
                <![CDATA[Chrome]]>
              </value>
            </param>
          </params>
          <reporter-output>
          </reporter-output>
        </test-method> <!-- intializeBrowser -->
        <test-method retried="true" signature="verifySuccessfullUserLogoutFromHomePageAfterLogin()[pri:0, instance:testScript.HomeTest@231f98ef]" started-at="2025-03-20T13:27:14 IST" name="verifySuccessfullUserLogoutFromHomePageAfterLogin" description="Verification of whether the user is able to use the Logout functionality after LogIn" finished-at="2025-03-20T13:27:14 IST" duration-ms="197" status="SKIP">
          <exception class="org.apache.poi.openxml4j.exceptions.NotOfficeXmlFileException">
            <message>
              <![CDATA[No valid entries or contents found, this is not a valid OOXML (Office Open XML) file]]>
            </message>
            <full-stacktrace>
              <![CDATA[org.apache.poi.openxml4j.exceptions.NotOfficeXmlFileException: No valid entries or contents found, this is not a valid OOXML (Office Open XML) file
at org.apache.poi.openxml4j.util.ZipArchiveThresholdInputStream.getNextEntry(ZipArchiveThresholdInputStream.java:156)
at org.apache.poi.openxml4j.util.ZipInputStreamZipEntrySource.<init>(ZipInputStreamZipEntrySource.java:94)
at org.apache.poi.openxml4j.opc.ZipPackage.<init>(ZipPackage.java:132)
at org.apache.poi.openxml4j.opc.OPCPackage.open(OPCPackage.java:319)
at org.apache.poi.ooxml.util.PackageHelper.open(PackageHelper.java:59)
at org.apache.poi.xssf.usermodel.XSSFWorkbook.<init>(XSSFWorkbook.java:290)
at org.apache.poi.xssf.usermodel.XSSFWorkbook.<init>(XSSFWorkbook.java:286)
at utilities.ExcelUtility.readStringData(ExcelUtility.java:20)
at testScript.HomeTest.verifySuccessfullUserLogoutFromHomePageAfterLogin(HomeTest.java:25)
at java.base/jdk.internal.reflect.DirectMethodHandleAccessor.invoke(DirectMethodHandleAccessor.java:103)
at java.base/java.lang.reflect.Method.invoke(Method.java:580)
at org.testng.internal.invokers.MethodInvocationHelper.invokeMethod(MethodInvocationHelper.java:141)
at org.testng.internal.invokers.TestInvoker.invokeMethod(TestInvoker.java:686)
at org.testng.internal.invokers.TestInvoker.invokeTestMethod(TestInvoker.java:230)
at org.testng.internal.invokers.MethodRunner.runInSequence(MethodRunner.java:63)
at org.testng.internal.invokers.TestInvoker$MethodInvocationAgent.invoke(TestInvoker.java:992)
at org.testng.internal.invokers.TestInvoker.invokeTestMethods(TestInvoker.java:203)
at org.testng.internal.invokers.TestMethodWorker.invokeTestMethods(TestMethodWorker.java:154)
at org.testng.internal.invokers.TestMethodWorker.run(TestMethodWorker.java:134)
at java.base/java.util.concurrent.Executors$RunnableAdapter.call(Executors.java:572)
at java.base/java.util.concurrent.FutureTask.run(FutureTask.java:317)
at org.testng.internal.thread.graph.TestNGFutureTask.run(TestNGFutureTask.java:22)
at java.base/java.util.concurrent.ThreadPoolExecutor.runWorker(ThreadPoolExecutor.java:1144)
at java.base/java.util.concurrent.ThreadPoolExecutor$Worker.run(ThreadPoolExecutor.java:642)
at java.base/java.lang.Thread.run(Thread.java:1583)
Caused by: java.util.zip.ZipException: Unexpected record signature: 0X1918A6F7
at org.apache.commons.compress.archivers.zip.ZipArchiveInputStream.getNextZipEntry(ZipArchiveInputStream.java:296)
at org.apache.poi.openxml4j.util.ZipArchiveThresholdInputStream.getNextEntry(ZipArchiveThresholdInputStream.java:152)
... 24 more
]]>
            </full-stacktrace>
          </exception> <!-- org.apache.poi.openxml4j.exceptions.NotOfficeXmlFileException -->
          <reporter-output>
          </reporter-output>
        </test-method> <!-- verifySuccessfullUserLogoutFromHomePageAfterLogin -->
        <test-method is-config="true" signature="driverQuit(org.testng.ITestResult)[pri:0, instance:testScript.HomeTest@231f98ef]" started-at="2025-03-20T13:27:14 IST" name="driverQuit" finished-at="2025-03-20T13:27:14 IST" duration-ms="167" status="PASS">
          <params>
            <param index="0">
              <value>
                <![CDATA[[TestResult name=verifySuccessfullUserLogoutFromHomePageAfterLogin status=SKIP method=HomeTest.verifySuccessfullUserLogoutFromHomePageAfterLogin()[pri:0, instance:testScript.HomeTest@231f98ef] output={null}]]]>
              </value>
            </param>
          </params>
          <reporter-output>
          </reporter-output>
        </test-method> <!-- driverQuit -->
        <test-method is-config="true" signature="intializeBrowser(java.lang.String)[pri:0, instance:testScript.HomeTest@231f98ef]" started-at="2025-03-20T13:27:14 IST" name="intializeBrowser" finished-at="2025-03-20T13:27:16 IST" duration-ms="1695" status="PASS">
          <params>
            <param index="0">
              <value>
                <![CDATA[Chrome]]>
              </value>
            </param>
          </params>
          <reporter-output>
          </reporter-output>
        </test-method> <!-- intializeBrowser -->
        <test-method signature="verifySuccessfullUserLogoutFromHomePageAfterLogin()[pri:0, instance:testScript.HomeTest@231f98ef]" started-at="2025-03-20T13:27:16 IST" name="verifySuccessfullUserLogoutFromHomePageAfterLogin" description="Verification of whether the user is able to use the Logout functionality after LogIn" finished-at="2025-03-20T13:27:18 IST" duration-ms="1626" status="PASS">
          <reporter-output>
          </reporter-output>
        </test-method> <!-- verifySuccessfullUserLogoutFromHomePageAfterLogin -->
        <test-method is-config="true" signature="driverQuit(org.testng.ITestResult)[pri:0, instance:testScript.HomeTest@231f98ef]" started-at="2025-03-20T13:27:18 IST" name="driverQuit" finished-at="2025-03-20T13:27:18 IST" duration-ms="130" status="PASS">
          <params>
            <param index="0">
              <value>
                <![CDATA[[TestResult name=verifySuccessfullUserLogoutFromHomePageAfterLogin status=SUCCESS method=HomeTest.verifySuccessfullUserLogoutFromHomePageAfterLogin()[pri:0, instance:testScript.HomeTest@231f98ef] output={null}]]]>
              </value>
            </param>
          </params>
          <reporter-output>
          </reporter-output>
        </test-method> <!-- driverQuit -->
      </class> <!-- testScript.HomeTest -->
      <class name="testScript.AdminUserTest">
        <test-method is-config="true" signature="intializeBrowser(java.lang.String)[pri:0, instance:testScript.AdminUserTest@5ddeb7cb]" started-at="2025-03-20T13:27:12 IST" name="intializeBrowser" finished-at="2025-03-20T13:27:14 IST" duration-ms="2385" status="PASS">
          <params>
            <param index="0">
              <value>
                <![CDATA[Chrome]]>
              </value>
            </param>
          </params>
          <reporter-output>
          </reporter-output>
        </test-method> <!-- intializeBrowser -->
        <test-method signature="verifyUserIsAbleToRefreshNewlyAddedUserPageUsingTheResetButton()[pri:0, instance:testScript.AdminUserTest@5ddeb7cb]" started-at="2025-03-20T13:27:14 IST" name="verifyUserIsAbleToRefreshNewlyAddedUserPageUsingTheResetButton" finished-at="2025-03-20T13:27:14 IST" duration-ms="264" status="FAIL">
          <exception class="java.io.IOException">
            <message>
              <![CDATA[Stream Closed]]>
            </message>
            <full-stacktrace>
              <![CDATA[java.io.IOException: Stream Closed
at java.base/java.io.FileInputStream.available0(Native Method)
at java.base/java.io.FileInputStream.available(FileInputStream.java:473)
at java.base/java.io.BufferedInputStream.implRead(BufferedInputStream.java:428)
at java.base/java.io.BufferedInputStream.read(BufferedInputStream.java:399)
at java.base/java.io.FilterInputStream.read(FilterInputStream.java:119)
at java.base/java.io.PushbackInputStream.read(PushbackInputStream.java:197)
at java.base/java.io.FilterInputStream.read(FilterInputStream.java:95)
at org.apache.commons.compress.archivers.zip.ZipArchiveInputStream.fill(ZipArchiveInputStream.java:861)
at org.apache.commons.compress.archivers.zip.ZipArchiveInputStream.readFromInflater(ZipArchiveInputStream.java:650)
at org.apache.commons.compress.archivers.zip.ZipArchiveInputStream.readDeflated(ZipArchiveInputStream.java:625)
at org.apache.commons.compress.archivers.zip.ZipArchiveInputStream.read(ZipArchiveInputStream.java:528)
at java.base/java.io.FilterInputStream.read(FilterInputStream.java:119)
at org.apache.poi.openxml4j.util.ZipArchiveThresholdInputStream.read(ZipArchiveThresholdInputStream.java:80)
at org.apache.poi.util.IOUtils.toByteArray(IOUtils.java:240)
at org.apache.poi.util.IOUtils.toByteArray(IOUtils.java:203)
at org.apache.poi.openxml4j.util.ZipArchiveFakeEntry.<init>(ZipArchiveFakeEntry.java:82)
at org.apache.poi.openxml4j.util.ZipInputStreamZipEntrySource.<init>(ZipInputStreamZipEntrySource.java:98)
at org.apache.poi.openxml4j.opc.ZipPackage.<init>(ZipPackage.java:132)
at org.apache.poi.openxml4j.opc.OPCPackage.open(OPCPackage.java:319)
at org.apache.poi.ooxml.util.PackageHelper.open(PackageHelper.java:59)
at org.apache.poi.xssf.usermodel.XSSFWorkbook.<init>(XSSFWorkbook.java:290)
at org.apache.poi.xssf.usermodel.XSSFWorkbook.<init>(XSSFWorkbook.java:286)
at utilities.ExcelUtility.readStringData(ExcelUtility.java:20)
at testScript.AdminUserTest.verifyUserIsAbleToRefreshNewlyAddedUserPageUsingTheResetButton(AdminUserTest.java:55)
at java.base/jdk.internal.reflect.DirectMethodHandleAccessor.invoke(DirectMethodHandleAccessor.java:103)
at java.base/java.lang.reflect.Method.invoke(Method.java:580)
at org.testng.internal.invokers.MethodInvocationHelper.invokeMethod(MethodInvocationHelper.java:141)
at org.testng.internal.invokers.TestInvoker.invokeMethod(TestInvoker.java:686)
at org.testng.internal.invokers.TestInvoker.invokeTestMethod(TestInvoker.java:230)
at org.testng.internal.invokers.MethodRunner.runInSequence(MethodRunner.java:63)
at org.testng.internal.invokers.TestInvoker$MethodInvocationAgent.invoke(TestInvoker.java:992)
at org.testng.internal.invokers.TestInvoker.invokeTestMethods(TestInvoker.java:203)
at org.testng.internal.invokers.TestMethodWorker.invokeTestMethods(TestMethodWorker.java:154)
at org.testng.internal.invokers.TestMethodWorker.run(TestMethodWorker.java:134)
at java.base/java.util.concurrent.Executors$RunnableAdapter.call(Executors.java:572)
at java.base/java.util.concurrent.FutureTask.run(FutureTask.java:317)
at org.testng.internal.thread.graph.TestNGFutureTask.run(TestNGFutureTask.java:22)
at java.base/java.util.concurrent.ThreadPoolExecutor.runWorker(ThreadPoolExecutor.java:1144)
at java.base/java.util.concurrent.ThreadPoolExecutor$Worker.run(ThreadPoolExecutor.java:642)
at java.base/java.lang.Thread.run(Thread.java:1583)
]]>
            </full-stacktrace>
          </exception> <!-- java.io.IOException -->
          <reporter-output>
          </reporter-output>
        </test-method> <!-- verifyUserIsAbleToRefreshNewlyAddedUserPageUsingTheResetButton -->
        <test-method is-config="true" signature="driverQuit(org.testng.ITestResult)[pri:0, instance:testScript.AdminUserTest@5ddeb7cb]" started-at="2025-03-20T13:27:14 IST" name="driverQuit" finished-at="2025-03-20T13:27:15 IST" duration-ms="275" status="PASS">
          <params>
            <param index="0">
              <value>
                <![CDATA[[TestResult name=verifyUserIsAbleToRefreshNewlyAddedUserPageUsingTheResetButton status=FAILURE method=AdminUserTest.verifyUserIsAbleToRefreshNewlyAddedUserPageUsingTheResetButton()[pri:0, instance:testScript.AdminUserTest@5ddeb7cb] output={null}]]]>
              </value>
            </param>
          </params>
          <reporter-output>
          </reporter-output>
        </test-method> <!-- driverQuit -->
        <test-method is-config="true" signature="intializeBrowser(java.lang.String)[pri:0, instance:testScript.AdminUserTest@5ddeb7cb]" started-at="2025-03-20T13:27:15 IST" name="intializeBrowser" finished-at="2025-03-20T13:27:16 IST" duration-ms="1701" status="PASS">
          <params>
            <param index="0">
              <value>
                <![CDATA[Chrome]]>
              </value>
            </param>
          </params>
          <reporter-output>
          </reporter-output>
        </test-method> <!-- intializeBrowser -->
        <test-method signature="verifyUserIsAbleToSearchNewlyAddedUsersInTheNewlyAddedUsersList()[pri:0, instance:testScript.AdminUserTest@5ddeb7cb]" started-at="2025-03-20T13:27:16 IST" name="verifyUserIsAbleToSearchNewlyAddedUsersInTheNewlyAddedUsersList" finished-at="2025-03-20T13:27:19 IST" duration-ms="2417" status="PASS">
          <reporter-output>
          </reporter-output>
        </test-method> <!-- verifyUserIsAbleToSearchNewlyAddedUsersInTheNewlyAddedUsersList -->
        <test-method is-config="true" signature="driverQuit(org.testng.ITestResult)[pri:0, instance:testScript.AdminUserTest@5ddeb7cb]" started-at="2025-03-20T13:27:19 IST" name="driverQuit" finished-at="2025-03-20T13:27:19 IST" duration-ms="146" status="PASS">
          <params>
            <param index="0">
              <value>
                <![CDATA[[TestResult name=verifyUserIsAbleToSearchNewlyAddedUsersInTheNewlyAddedUsersList status=SUCCESS method=AdminUserTest.verifyUserIsAbleToSearchNewlyAddedUsersInTheNewlyAddedUsersList()[pri:0, instance:testScript.AdminUserTest@5ddeb7cb] output={null}]]]>
              </value>
            </param>
          </params>
          <reporter-output>
          </reporter-output>
        </test-method> <!-- driverQuit -->
        <test-method is-config="true" signature="intializeBrowser(java.lang.String)[pri:0, instance:testScript.AdminUserTest@5ddeb7cb]" started-at="2025-03-20T13:27:19 IST" name="intializeBrowser" finished-at="2025-03-20T13:27:20 IST" duration-ms="1622" status="PASS">
          <params>
            <param index="0">
              <value>
                <![CDATA[Chrome]]>
              </value>
            </param>
          </params>
          <reporter-output>
          </reporter-output>
        </test-method> <!-- intializeBrowser -->
        <test-method signature="verifyWhetherUserIsAbleToAddNewUserToTheUsersList()[pri:0, instance:testScript.AdminUserTest@5ddeb7cb]" started-at="2025-03-20T13:27:20 IST" name="verifyWhetherUserIsAbleToAddNewUserToTheUsersList" finished-at="2025-03-20T13:27:23 IST" duration-ms="2822" status="PASS">
          <reporter-output>
          </reporter-output>
        </test-method> <!-- verifyWhetherUserIsAbleToAddNewUserToTheUsersList -->
        <test-method is-config="true" signature="driverQuit(org.testng.ITestResult)[pri:0, instance:testScript.AdminUserTest@5ddeb7cb]" started-at="2025-03-20T13:27:23 IST" name="driverQuit" finished-at="2025-03-20T13:27:23 IST" duration-ms="231" status="PASS">
          <params>
            <param index="0">
              <value>
                <![CDATA[[TestResult name=verifyWhetherUserIsAbleToAddNewUserToTheUsersList status=SUCCESS method=AdminUserTest.verifyWhetherUserIsAbleToAddNewUserToTheUsersList()[pri:0, instance:testScript.AdminUserTest@5ddeb7cb] output={null}]]]>
              </value>
            </param>
          </params>
          <reporter-output>
          </reporter-output>
        </test-method> <!-- driverQuit -->
      </class> <!-- testScript.AdminUserTest -->
    </test> <!-- Test -->
  </suite> <!-- ParallelTesting -->
</testng-results>
